Log file open, 11/21/20 17:58:39
LogWindows: Failed to load 'aqProf.dll' (GetLastError=126)
LogWindows: File 'aqProf.dll' does not exist
LogWindows: Failed to load 'VtuneApi.dll' (GetLastError=126)
LogWindows: File 'VtuneApi.dll' does not exist
LogWindows: Failed to load 'VtuneApi32e.dll' (GetLastError=126)
LogWindows: File 'VtuneApi32e.dll' does not exist
LogInit: Display: Running engine for game: SphericalFPS
LogPlatformFile: Not using cached read wrapper
LogInit: Display: RandInit(154503253) SRandInit(154503254).
LogInit: Read version file with build ID '3944462'
LogInit: Overriding engine version to CL 4033788, compatible CL 3944462
LogInit: Registered custom module enumerator with build ID '3944462'
LogTaskGraph: Started task graph with 5 named threads and 23 total threads with 3 sets of task threads.
LogStats: Stats thread started at 0.485136
LogD3D11RHI: Aftermath initialized
LogICUInternationalization: Display: ICU TimeZone Detection - Raw Offset: +9:00, Platform Override: ''
LogPluginManager: Mounting plugin Paper2D
LogPluginManager: Mounting plugin LiveLink
LogPluginManager: Mounting plugin LightPropagationVolume
LogPluginManager: Mounting plugin CLionSourceCodeAccess
LogPluginManager: Mounting plugin CodeLiteSourceCodeAccess
LogPluginManager: Mounting plugin GitSourceControl
LogPluginManager: Mounting plugin KDevelopSourceCodeAccess
LogPluginManager: Mounting plugin NullSourceCodeAccess
LogPluginManager: Mounting plugin PerforceSourceControl
LogPluginManager: Mounting plugin SubversionSourceControl
LogPluginManager: Mounting plugin UObjectPlugin
LogPluginManager: Mounting plugin VisualStudioCodeSourceCodeAccess
LogPluginManager: Mounting plugin VisualStudioSourceCodeAccess
LogPluginManager: Mounting plugin XCodeSourceCodeAccess
LogPluginManager: Mounting plugin AssetManagerEditor
LogPluginManager: Mounting plugin CryptoKeys
LogPluginManager: Mounting plugin DataValidation
LogPluginManager: Mounting plugin FacialAnimation
LogPluginManager: Mounting plugin GameplayTagsEditor
LogPluginManager: Mounting plugin MobileLauncherProfileWizard
LogPluginManager: Mounting plugin PluginBrowser
LogPluginManager: Mounting plugin SpeedTreeImporter
LogPluginManager: Mounting plugin DatasmithContent
LogPluginManager: Mounting plugin AlembicImporter
LogPluginManager: Mounting plugin CharacterAI
LogPluginManager: Mounting plugin HTML5Networking
LogPluginManager: Mounting plugin AndroidMedia
LogPluginManager: Mounting plugin AvfMedia
LogPluginManager: Mounting plugin ImgMedia
LogPluginManager: Mounting plugin LinearTimecode
LogPluginManager: Mounting plugin MediaCompositing
LogPluginManager: Mounting plugin MediaPlayerEditor
LogPluginManager: Mounting plugin WmfMedia
LogPluginManager: Mounting plugin TcpMessaging
LogPluginManager: Mounting plugin UdpMessaging
LogPluginManager: Mounting plugin ActorSequence
LogPluginManager: Mounting plugin LevelSequenceEditor
LogPluginManager: Mounting plugin MatineeToLevelSequence
LogPluginManager: Mounting plugin NetcodeUnitTest
LogPluginManager: Mounting plugin NUTUnrealEngine4
LogPluginManager: Mounting plugin OnlineSubsystemGooglePlay
LogPluginManager: Mounting plugin OnlineSubsystemIOS
LogPluginManager: Mounting plugin OnlineSubsystem
LogPluginManager: Mounting plugin OnlineSubsystemNull
LogPluginManager: Mounting plugin OnlineSubsystemUtils
LogPluginManager: Mounting plugin AndroidDeviceProfileSelector
LogPluginManager: Mounting plugin AndroidMoviePlayer
LogPluginManager: Mounting plugin AndroidPermission
LogPluginManager: Mounting plugin AppleARKit
LogPluginManager: Mounting plugin AppleMoviePlayer
LogPluginManager: Mounting plugin ArchVisCharacter
LogPluginManager: Mounting plugin AudioCapture
LogPluginManager: Mounting plugin CableComponent
LogPluginManager: Mounting plugin CustomMeshComponent
LogPluginManager: Mounting plugin ExampleDeviceProfileSelector
LogPluginManager: Mounting plugin GoogleCloudMessaging
LogPluginManager: Mounting plugin ImmediatePhysics
LogPluginManager: Mounting plugin IOSDeviceProfileSelector
LogPluginManager: Mounting plugin LinuxDeviceProfileSelector
LogPluginManager: Mounting plugin LocationServicesBPLibrary
LogPluginManager: Mounting plugin MobilePatchingUtils
LogPluginManager: Mounting plugin OculusVR
LogPluginManager: Plugin shader directory ../../../Engine/Plugins/Runtime/Oculus/OculusVR/Shaders found
LogPluginManager: Mapping shader source directory ../../../Engine/Plugins/Runtime/Oculus/OculusVR/Shaders to virtual directory /Plugin/OculusVR
LogPluginManager: Mounting plugin PhysXVehicles
LogPluginManager: Mounting plugin ProceduralMeshComponent
LogPluginManager: Mounting plugin RuntimePhysXCooking
LogPluginManager: Mounting plugin SteamVR
LogPluginManager: Mounting plugin WindowsMoviePlayer
LogPluginManager: Mounting plugin OpenCV410
LogStreaming: Display: Took  0.177s to configure plugins.
LogModuleManager: Display: Found up-to-date module file D:/Unreal_Project/4.19.2/SphericalFPS/Binaries/Win64/UE4Editor-SphericalFPS.dll (API version 3944462).
LogModuleManager: Display: Found up-to-date module file ../../../Engine/Plugins/2D/Paper2D/Binaries/Win64/UE4Editor-Paper2D.dll (API version 3944462).
LogModuleManager: Display: Found up-to-date module file ../../../Engine/Plugins/2D/Paper2D/Binaries/Win64/UE4Editor-Paper2DEditor.dll (API version 3944462).
LogModuleManager: Display: Found up-to-date module file ../../../Engine/Plugins/2D/Paper2D/Binaries/Win64/UE4Editor-PaperSpriteSheetImporter.dll (API version 3944462).
LogModuleManager: Display: Found up-to-date module file ../../../Engine/Plugins/2D/Paper2D/Binaries/Win64/UE4Editor-PaperTiledImporter.dll (API version 3944462).
LogModuleManager: Display: Found up-to-date module file ../../../Engine/Plugins/2D/Paper2D/Binaries/Win64/UE4Editor-SmartSnapping.dll (API version 3944462).
LogModuleManager: Display: Found up-to-date module file ../../../Engine/Plugins/Animation/LiveLink/Binaries/Win64/UE4Editor-LiveLink.dll (API version 3944462).
LogModuleManager: Display: Found up-to-date module file ../../../Engine/Plugins/Animation/LiveLink/Binaries/Win64/UE4Editor-LiveLinkEditor.dll (API version 3944462).
LogModuleManager: Display: Found up-to-date module file ../../../Engine/Plugins/Blendables/LightPropagationVolume/Binaries/Win64/UE4Editor-LightPropagationVolumeRuntime.dll (API version 3944462).
LogModuleManager: Display: Found up-to-date module file ../../../Engine/Plugins/Blendables/LightPropagationVolume/Binaries/Win64/UE4Editor-LightPropagationVolumeEditor.dll (API version 3944462).
LogModuleManager: Display: Found up-to-date module file ../../../Engine/Plugins/Developer/CLionSourceCodeAccess/Binaries/Win64/UE4Editor-CLionSourceCodeAccess.dll (API version 3944462).
LogModuleManager: Display: Found up-to-date module file ../../../Engine/Plugins/Developer/GitSourceControl/Binaries/Win64/UE4Editor-GitSourceControl.dll (API version 3944462).
LogModuleManager: Display: Found up-to-date module file ../../../Engine/Plugins/Developer/PerforceSourceControl/Binaries/Win64/UE4Editor-PerforceSourceControl.dll (API version 3944462).
LogModuleManager: Display: Found up-to-date module file ../../../Engine/Plugins/Developer/SubversionSourceControl/Binaries/Win64/UE4Editor-SubversionSourceControl.dll (API version 3944462).
LogModuleManager: Display: Found up-to-date module file ../../../Engine/Plugins/Developer/UObjectPlugin/Binaries/Win64/UE4Editor-UObjectPlugin.dll (API version 3944462).
LogModuleManager: Display: Found up-to-date module file ../../../Engine/Plugins/Developer/VisualStudioCodeSourceCodeAccess/Binaries/Win64/UE4Editor-VisualStudioCodeSourceCodeAccess.dll (API version 3944462).
LogModuleManager: Display: Found up-to-date module file ../../../Engine/Plugins/Developer/VisualStudioSourceCodeAccess/Binaries/Win64/UE4Editor-VisualStudioSourceCodeAccess.dll (API version 3944462).
LogModuleManager: Display: Found up-to-date module file ../../../Engine/Plugins/Editor/AssetManagerEditor/Binaries/Win64/UE4Editor-AssetManagerEditor.dll (API version 3944462).
LogModuleManager: Display: Found up-to-date module file ../../../Engine/Plugins/Editor/CryptoKeys/Binaries/Win64/UE4Editor-CryptoKeys.dll (API version 3944462).
LogModuleManager: Display: Found up-to-date module file ../../../Engine/Plugins/Editor/CryptoKeys/Binaries/Win64/UE4Editor-CryptoKeysOpenSSL.dll (API version 3944462).
LogModuleManager: Display: Found up-to-date module file ../../../Engine/Plugins/Editor/DataValidation/Binaries/Win64/UE4Editor-DataValidation.dll (API version 3944462).
LogModuleManager: Display: Found up-to-date module file ../../../Engine/Plugins/Editor/FacialAnimation/Binaries/Win64/UE4Editor-FacialAnimation.dll (API version 3944462).
LogModuleManager: Display: Found up-to-date module file ../../../Engine/Plugins/Editor/FacialAnimation/Binaries/Win64/UE4Editor-FacialAnimationEditor.dll (API version 3944462).
LogModuleManager: Display: Found up-to-date module file ../../../Engine/Plugins/Editor/GameplayTagsEditor/Binaries/Win64/UE4Editor-GameplayTagsEditor.dll (API version 3944462).
LogModuleManager: Display: Found up-to-date module file ../../../Engine/Plugins/Editor/MobileLauncherProfileWizard/Binaries/Win64/UE4Editor-MobileLauncherProfileWizard.dll (API version 3944462).
LogModuleManager: Display: Found up-to-date module file ../../../Engine/Plugins/Editor/PluginBrowser/Binaries/Win64/UE4Editor-PluginBrowser.dll (API version 3944462).
LogModuleManager: Display: Found up-to-date module file ../../../Engine/Plugins/Editor/SpeedTreeImporter/Binaries/Win64/UE4Editor-SpeedTreeImporter.dll (API version 3944462).
LogModuleManager: Display: Found up-to-date module file ../../../Engine/Plugins/Enterprise/DatasmithContent/Binaries/Win64/UE4Editor-DatasmithContent.dll (API version 3944462).
LogModuleManager: Display: Found up-to-date module file ../../../Engine/Plugins/Experimental/AlembicImporter/Binaries/Win64/UE4Editor-AlembicImporter.dll (API version 3944462).
LogModuleManager: Display: Found up-to-date module file ../../../Engine/Plugins/Experimental/AlembicImporter/Binaries/Win64/UE4Editor-AlembicLibrary.dll (API version 3944462).
LogModuleManager: Display: Found up-to-date module file ../../../Engine/Plugins/Experimental/CharacterAI/Binaries/Win64/UE4Editor-CharacterAI.dll (API version 3944462).
LogModuleManager: Display: Found up-to-date module file ../../../Engine/Plugins/Experimental/HTML5Networking/Binaries/Win64/UE4Editor-HTML5Networking.dll (API version 3944462).
LogModuleManager: Display: Found up-to-date module file ../../../Engine/Plugins/Media/AndroidMedia/Binaries/Win64/UE4Editor-AndroidMediaEditor.dll (API version 3944462).
LogModuleManager: Display: Found up-to-date module file ../../../Engine/Plugins/Media/AndroidMedia/Binaries/Win64/UE4Editor-AndroidMediaFactory.dll (API version 3944462).
LogModuleManager: Display: Found up-to-date module file ../../../Engine/Plugins/Media/AvfMedia/Binaries/Win64/UE4Editor-AvfMediaEditor.dll (API version 3944462).
LogModuleManager: Display: Found up-to-date module file ../../../Engine/Plugins/Media/AvfMedia/Binaries/Win64/UE4Editor-AvfMediaFactory.dll (API version 3944462).
LogModuleManager: Display: Found up-to-date module file ../../../Engine/Plugins/Media/AvfMedia/Binaries/Win64/UE4Editor-AvfMediaFactory.dll (API version 3944462).
LogModuleManager: Display: Found up-to-date module file ../../../Engine/Plugins/Media/ImgMedia/Binaries/Win64/UE4Editor-ImgMedia.dll (API version 3944462).
LogModuleManager: Display: Found up-to-date module file ../../../Engine/Plugins/Media/ImgMedia/Binaries/Win64/UE4Editor-ImgMediaEditor.dll (API version 3944462).
LogModuleManager: Display: Found up-to-date module file ../../../Engine/Plugins/Media/ImgMedia/Binaries/Win64/UE4Editor-ImgMediaFactory.dll (API version 3944462).
LogModuleManager: Display: Found up-to-date module file ../../../Engine/Plugins/Media/ImgMedia/Binaries/Win64/UE4Editor-ImgMediaFactory.dll (API version 3944462).
LogModuleManager: Display: Found up-to-date module file ../../../Engine/Plugins/Media/ImgMedia/Binaries/Win64/UE4Editor-OpenExrWrapper.dll (API version 3944462).
LogModuleManager: Display: Found up-to-date module file ../../../Engine/Plugins/Media/LinearTimecode/Binaries/Win64/UE4Editor-LinearTimecode.dll (API version 3944462).
LogModuleManager: Display: Found up-to-date module file ../../../Engine/Plugins/Media/MediaCompositing/Binaries/Win64/UE4Editor-MediaCompositing.dll (API version 3944462).
LogModuleManager: Display: Found up-to-date module file ../../../Engine/Plugins/Media/MediaCompositing/Binaries/Win64/UE4Editor-MediaCompositingEditor.dll (API version 3944462).
LogModuleManager: Display: Found up-to-date module file ../../../Engine/Plugins/Media/MediaPlayerEditor/Binaries/Win64/UE4Editor-MediaPlayerEditor.dll (API version 3944462).
LogModuleManager: Display: Found up-to-date module file ../../../Engine/Plugins/Media/WmfMedia/Binaries/Win64/UE4Editor-WmfMedia.dll (API version 3944462).
LogModuleManager: Display: Found up-to-date module file ../../../Engine/Plugins/Media/WmfMedia/Binaries/Win64/UE4Editor-WmfMediaEditor.dll (API version 3944462).
LogModuleManager: Display: Found up-to-date module file ../../../Engine/Plugins/Media/WmfMedia/Binaries/Win64/UE4Editor-WmfMediaFactory.dll (API version 3944462).
LogModuleManager: Display: Found up-to-date module file ../../../Engine/Plugins/Media/WmfMedia/Binaries/Win64/UE4Editor-WmfMediaFactory.dll (API version 3944462).
LogModuleManager: Display: Found up-to-date module file ../../../Engine/Plugins/Messaging/TcpMessaging/Binaries/Win64/UE4Editor-TcpMessaging.dll (API version 3944462).
LogModuleManager: Display: Found up-to-date module file ../../../Engine/Plugins/Messaging/UdpMessaging/Binaries/Win64/UE4Editor-UdpMessaging.dll (API version 3944462).
LogModuleManager: Display: Found up-to-date module file ../../../Engine/Plugins/MovieScene/ActorSequence/Binaries/Win64/UE4Editor-ActorSequence.dll (API version 3944462).
LogModuleManager: Display: Found up-to-date module file ../../../Engine/Plugins/MovieScene/LevelSequenceEditor/Binaries/Win64/UE4Editor-LevelSequenceEditor.dll (API version 3944462).
LogModuleManager: Display: Found up-to-date module file ../../../Engine/Plugins/MovieScene/MatineeToLevelSequence/Binaries/Win64/UE4Editor-MatineeToLevelSequence.dll (API version 3944462).
LogModuleManager: Display: Found up-to-date module file ../../../Engine/Plugins/NetcodeUnitTest/NetcodeUnitTest/Binaries/Win64/UE4Editor-NetcodeUnitTest.dll (API version 3944462).
LogModuleManager: Display: Found up-to-date module file ../../../Engine/Plugins/NetcodeUnitTest/NUTUnrealEngine4/Binaries/Win64/UE4Editor-NUTUnrealEngine4.dll (API version 3944462).
LogModuleManager: Display: Found up-to-date module file ../../../Engine/Plugins/Online/OnlineSubsystem/Binaries/Win64/UE4Editor-OnlineSubsystem.dll (API version 3944462).
LogModuleManager: Display: Found up-to-date module file ../../../Engine/Plugins/Online/OnlineSubsystemNull/Binaries/Win64/UE4Editor-OnlineSubsystemNull.dll (API version 3944462).
LogModuleManager: Display: Found up-to-date module file ../../../Engine/Plugins/Online/OnlineSubsystemUtils/Binaries/Win64/UE4Editor-OnlineSubsystemUtils.dll (API version 3944462).
LogModuleManager: Display: Found up-to-date module file ../../../Engine/Plugins/Online/OnlineSubsystemUtils/Binaries/Win64/UE4Editor-OnlineBlueprintSupport.dll (API version 3944462).
LogModuleManager: Display: Found up-to-date module file ../../../Engine/Plugins/Runtime/AndroidDeviceProfileSelector/Binaries/Win64/UE4Editor-AndroidDeviceProfileSelector.dll (API version 3944462).
LogModuleManager: Display: Found up-to-date module file ../../../Engine/Plugins/Runtime/AndroidPermission/Binaries/Win64/UE4Editor-AndroidPermission.dll (API version 3944462).
LogModuleManager: Display: Found up-to-date module file ../../../Engine/Plugins/Runtime/AppleARKit/Binaries/Win64/UE4Editor-AppleARKit.dll (API version 3944462).
LogModuleManager: Display: Found up-to-date module file ../../../Engine/Plugins/Runtime/ArchVisCharacter/Binaries/Win64/UE4Editor-ArchVisCharacter.dll (API version 3944462).
LogModuleManager: Display: Found up-to-date module file ../../../Engine/Plugins/Runtime/AudioCapture/Binaries/Win64/UE4Editor-AudioCapture.dll (API version 3944462).
LogModuleManager: Display: Found up-to-date module file ../../../Engine/Plugins/Runtime/AudioCapture/Binaries/Win64/UE4Editor-AudioCaptureEditor.dll (API version 3944462).
LogModuleManager: Display: Found up-to-date module file ../../../Engine/Plugins/Runtime/CableComponent/Binaries/Win64/UE4Editor-CableComponent.dll (API version 3944462).
LogModuleManager: Display: Found up-to-date module file ../../../Engine/Plugins/Runtime/CustomMeshComponent/Binaries/Win64/UE4Editor-CustomMeshComponent.dll (API version 3944462).
LogModuleManager: Display: Found up-to-date module file ../../../Engine/Plugins/Runtime/ExampleDeviceProfileSelector/Binaries/Win64/UE4Editor-ExampleDeviceProfileSelector.dll (API version 3944462).
LogModuleManager: Display: Found up-to-date module file ../../../Engine/Plugins/Runtime/ImmediatePhysics/Binaries/Win64/UE4Editor-ImmediatePhysics.dll (API version 3944462).
LogModuleManager: Display: Found up-to-date module file ../../../Engine/Plugins/Runtime/ImmediatePhysics/Binaries/Win64/UE4Editor-ImmediatePhysicsEditor.dll (API version 3944462).
LogModuleManager: Display: Found up-to-date module file ../../../Engine/Plugins/Runtime/LocationServicesBPLibrary/Binaries/Win64/UE4Editor-LocationServicesBPLibrary.dll (API version 3944462).
LogModuleManager: Display: Found up-to-date module file ../../../Engine/Plugins/Runtime/MobilePatchingUtils/Binaries/Win64/UE4Editor-MobilePatchingUtils.dll (API version 3944462).
LogModuleManager: Display: Found up-to-date module file ../../../Engine/Plugins/Runtime/Oculus/OculusVR/Binaries/Win64/UE4Editor-OculusHMD.dll (API version 3944462).
LogModuleManager: Display: Found up-to-date module file ../../../Engine/Plugins/Runtime/Oculus/OculusVR/Binaries/Win64/UE4Editor-OculusInput.dll (API version 3944462).
LogModuleManager: Display: Found up-to-date module file ../../../Engine/Plugins/Runtime/Oculus/OculusVR/Binaries/Win64/UE4Editor-OculusEditor.dll (API version 3944462).
LogModuleManager: Display: Found up-to-date module file ../../../Engine/Plugins/Runtime/PhysXVehicles/Binaries/Win64/UE4Editor-PhysXVehicles.dll (API version 3944462).
LogModuleManager: Display: Found up-to-date module file ../../../Engine/Plugins/Runtime/PhysXVehicles/Binaries/Win64/UE4Editor-PhysXVehiclesEditor.dll (API version 3944462).
LogModuleManager: Display: Found up-to-date module file ../../../Engine/Plugins/Runtime/ProceduralMeshComponent/Binaries/Win64/UE4Editor-ProceduralMeshComponent.dll (API version 3944462).
LogModuleManager: Display: Found up-to-date module file ../../../Engine/Plugins/Runtime/ProceduralMeshComponent/Binaries/Win64/UE4Editor-ProceduralMeshComponentEditor.dll (API version 3944462).
LogModuleManager: Display: Found up-to-date module file ../../../Engine/Plugins/Runtime/RuntimePhysXCooking/Binaries/Win64/UE4Editor-RuntimePhysXCooking.dll (API version 3944462).
LogModuleManager: Display: Found up-to-date module file ../../../Engine/Plugins/Runtime/Steam/SteamVR/Binaries/Win64/UE4Editor-SteamVR.dll (API version 3944462).
LogModuleManager: Display: Found up-to-date module file ../../../Engine/Plugins/Runtime/Steam/SteamVR/Binaries/Win64/UE4Editor-SteamVRController.dll (API version 3944462).
LogModuleManager: Display: Found up-to-date module file ../../../Engine/Plugins/Runtime/WindowsMoviePlayer/Binaries/Win64/UE4Editor-WindowsMoviePlayer.dll (API version 3944462).
LogModuleManager: Display: Found up-to-date module file D:/Unreal_Project/4.19.2/SphericalFPS/Plugins/OpenCV410/Binaries/Win64/UE4Editor-OpenCV410.dll (API version 3944462).
LogInit: Using libcurl 7.47.1
LogInit:  - built for x86_64-pc-win32
LogInit:  - supports SSL with OpenSSL/1.0.2g
LogInit:  - supports HTTP deflate (compression) using libz 1.2.8
LogInit:  - other features:
LogInit:      CURL_VERSION_SSL
LogInit:      CURL_VERSION_LIBZ
LogInit:      CURL_VERSION_IPV6
LogInit:      CURL_VERSION_ASYNCHDNS
LogInit:      CURL_VERSION_LARGEFILE
LogInit:      CURL_VERSION_IDN
LogInit:  CurlRequestOptions (configurable via config and command line):
LogInit:  - bVerifyPeer = false  - Libcurl will NOT verify peer certificate
LogInit:  - bUseHttpProxy = false  - Libcurl will NOT use HTTP proxy
LogInit:  - bDontReuseConnections = false  - Libcurl will reuse connections
LogInit:  - CertBundlePath = nullptr  - Libcurl will use whatever was configured at build time.
LogInit:  - MaxHostConnections = 16  - Libcurl will limit the number of connections to a host
LogInit:  - LocalHostAddr = Default
LogInit: WinSock: version 1.1 (2.2), MaxSocks=32767, MaxUdp=65467
LogInit: WinSock: I am DESKTOP-5SHH7PE (10.80.76.130:0)
LogInit: Build: ++UE4+Release-4.19-CL-4033788
LogInit: Engine Version: 4.19.2-4033788+++UE4+Release-4.19
LogInit: Compatible Engine Version: 4.19.0-3944462+++UE4+Release-4.19
LogInit: Net CL: 3944462
LogDevObjectVersion: Number of dev versions registered: 18
LogDevObjectVersion:   Dev-Blueprints (B0D832E4-1F89-4F0D-ACCF-7EB736FD4AA2): 10
LogDevObjectVersion:   Dev-Build (E1C64328-A22C-4D53-A36C-8E866417BD8C): 0
LogDevObjectVersion:   Dev-Core (375EC13C-06E4-48FB-B500-84F0262A717E): 2
LogDevObjectVersion:   Dev-Editor (E4B068ED-F494-42E9-A231-DA0B2E46BB41): 23
LogDevObjectVersion:   Dev-Framework (CFFC743F-43B0-4480-9391-14DF171D2073): 33
LogDevObjectVersion:   Dev-Mobile (B02B49B5-BB20-44E9-A304-32B752E40360): 2
LogDevObjectVersion:   Dev-Networking (A4E4105C-59A1-49B5-A7C5-40C4547EDFEE): 0
LogDevObjectVersion:   Dev-Online (39C831C9-5AE6-47DC-9A44-9C173E1C8E7C): 0
LogDevObjectVersion:   Dev-Physics (78F01B33-EBEA-4F98-B9B4-84EACCB95AA2): 0
LogDevObjectVersion:   Dev-Platform (6631380F-2D4D-43E0-8009-CF276956A95A): 0
LogDevObjectVersion:   Dev-Rendering (12F88B9F-8875-4AFC-A67C-D90C383ABD29): 25
LogDevObjectVersion:   Dev-Sequencer (7B5AE74C-D270-4C10-A958-57980B212A5A): 6
LogDevObjectVersion:   Dev-VR (D7296918-1DD6-4BDD-9DE2-64A83CC13884): 1
LogDevObjectVersion:   Dev-LoadTimes (C2A15278-BFE7-4AFE-6C17-90FF531DF755): 1
LogDevObjectVersion:   Private-Geometry (6EACA3D4-40EC-4CC1-B786-8BED09428FC5): 2
LogDevObjectVersion:   Dev-AnimPhys (29E575DD-E0A3-4627-9D10-D276232CDCEA): 16
LogDevObjectVersion:   Dev-ReflectionCapture (6B266CEC-1EC7-4B8F-A30B-E4D90942FC07): 1
LogDevObjectVersion:   Dev-Automation (0DF73D61-A23F-47EA-B727-89E90C41499A): 1
LogInit: Compiled (64-bit): Apr 27 2018 02:06:57
LogInit: Compiled with Visual C++: 19.00.24215.01
LogInit: Build Configuration: Development
LogInit: Branch Name: ++UE4+Release-4.19
LogInit: Command Line:  
LogInit: Base Directory: C:/Program Files/Epic Games/UE_4.19/Engine/Binaries/Win64/
LogInit: Installed Engine Build: 1
LogStreaming: Display: Took  0.000s to delete old logs.
LogInit: Presizing for max 8388607 objects, including 0 objects not considered by GC, pre-allocating 0 bytes for permanent pool.
LogInit: Object subsystem initialized
[2020.11.21-08.58.43:545][  0]LogInit: Selected Device Profile: [Windows]
[2020.11.21-08.58.43:545][  0]LogInit: Applying CVar settings loaded from the selected device profile: [Windows]
[2020.11.21-08.58.43:576][  0]LogInit: Computer: DESKTOP-5SHH7PE
[2020.11.21-08.58.43:576][  0]LogInit: User: KISIK
[2020.11.21-08.58.43:576][  0]LogInit: CPU Page size=4096, Cores=4
[2020.11.21-08.58.43:576][  0]LogInit: High frequency timer resolution =10.000000 MHz
[2020.11.21-08.58.43:577][  0]LogMemory: Memory total: Physical=31.9GB (32GB approx)
[2020.11.21-08.58.43:577][  0]LogMemory: Platform Memory Stats for Windows
[2020.11.21-08.58.43:577][  0]LogMemory: Process Physical Memory: 277.13 MB used, 277.14 MB peak
[2020.11.21-08.58.43:577][  0]LogMemory: Process Virtual Memory: 272.57 MB used, 272.57 MB peak
[2020.11.21-08.58.43:577][  0]LogMemory: Physical Memory: 7888.70 MB used,  24815.68 MB free, 32704.37 MB total
[2020.11.21-08.58.43:577][  0]LogMemory: Virtual Memory: 4786.94 MB used,  24815.68 MB free, 134217728.00 MB total
[2020.11.21-08.58.43:723][  0]LogInit: Using OS detected language (ko-KR).
[2020.11.21-08.58.43:723][  0]LogInit: Using OS detected locale (ko-KR).
[2020.11.21-08.58.43:741][  0]LogTextLocalizationManager: No specific localization for 'ko-KR' exists, so the 'ko' localization will be used.
[2020.11.21-08.58.44:161][  0]LogStreaming: Display: Took  0.437s to EndInitTextLocalization.
[2020.11.21-08.58.44:162][  0]LogInit: Setting process to per monitor DPI aware
[2020.11.21-08.58.44:271][  0]LogSlate: New Slate User Created.  User Index 0, Is Virtual User: 0
[2020.11.21-08.58.44:271][  0]LogSlate: Slate User Registered.  User Index 0, Is Virtual User: 0
[2020.11.21-08.58.44:989][  0]LogD3D11RHI: D3D11 adapters:
[2020.11.21-08.58.45:069][  0]LogD3D11RHI:    0. 'NVIDIA GeForce GTX 970' (Feature Level 11_0)
[2020.11.21-08.58.45:069][  0]LogD3D11RHI:       4043/0/16352 MB DedicatedVideo/DedicatedSystem/SharedSystem, Outputs:3, VendorId:0x10de
[2020.11.21-08.58.45:072][  0]LogD3D11RHI:    1. 'Microsoft Basic Render Driver' (Feature Level 11_0)
[2020.11.21-08.58.45:072][  0]LogD3D11RHI:       0/0/16352 MB DedicatedVideo/DedicatedSystem/SharedSystem, Outputs:0, VendorId:0x1414
[2020.11.21-08.58.45:072][  0]LogD3D11RHI: Chosen D3D11 Adapter: 0
[2020.11.21-08.58.45:081][  0]LogD3D11RHI: Creating new Direct3DDevice
[2020.11.21-08.58.45:082][  0]LogD3D11RHI:     GPU DeviceId: 0x13c2 (for the marketing name, search the web for "GPU Device Id")
[2020.11.21-08.58.45:082][  0]LogWindows: EnumDisplayDevices:
[2020.11.21-08.58.45:082][  0]LogWindows:    0. 'NVIDIA GeForce GTX 970' (P:0 D:1)
[2020.11.21-08.58.45:083][  0]LogWindows:    1. 'NVIDIA GeForce GTX 970' (P:1 D:1)
[2020.11.21-08.58.45:084][  0]LogWindows:    2. 'NVIDIA GeForce GTX 970' (P:0 D:1)
[2020.11.21-08.58.45:085][  0]LogWindows:    3. 'NVIDIA GeForce GTX 970' (P:0 D:0)
[2020.11.21-08.58.45:085][  0]LogWindows: DebugString: GetVideoDriverDetailsInvalid PrimaryIsNotTheChoosenAdapter GetVideoDriverDetailsInvalid PrimaryIsNotTheChoosenAdapter GetVideoDriverDetailsInvalid PrimaryIsNotTheChoosenAdapter GetVideoDriverDetailsInvalid PrimaryIsNotTheChoosenAdapter FoundDriverCount:0 
[2020.11.21-08.58.45:085][  0]LogD3D11RHI:     Adapter Name: NVIDIA GeForce GTX 970
[2020.11.21-08.58.45:085][  0]LogD3D11RHI:   Driver Version: Unknown (internal:Unknown, unified:Unknown)
[2020.11.21-08.58.45:085][  0]LogD3D11RHI:      Driver Date: Unknown
[2020.11.21-08.58.45:085][  0]LogRHI: Texture pool is 2830 MB (70% of 4043 MB)
[2020.11.21-08.58.45:140][  0]LogD3D11RHI: [Aftermath] Aftermath enabled and primed
[2020.11.21-08.58.45:140][  0]LogD3D11RHI: [Aftermath] Aftermath enabled and primed
[2020.11.21-08.58.45:140][  0]LogD3D11RHI: Async texture creation enabled
[2020.11.21-08.58.45:160][  0]LogD3D11RHI: GPU Timing Frequency: 1000.000000 (Debug: 2 1)
[2020.11.21-08.58.45:229][  0]LogShaderCompilers: Guid format shader working directory is 8 characters bigger than the processId version (D:/Unreal_Project/4.19.2/SphericalFPS/Intermediate/Shaders/WorkingDirectory/25976/).
[2020.11.21-08.58.45:230][  0]LogShaderCompilers: Cleaned the shader compiler working directory 'C:/Users/KISIK/AppData/Local/Temp/UnrealShaderWorkingDir/173849F248BF5D01C8A42CAFB1808D45/'.
[2020.11.21-08.58.45:600][  0]LogTemp: Display: Loaded TP AllDesktopTargetPlatform
[2020.11.21-08.58.45:620][  0]LogTemp: Display: Loaded TP MacClientTargetPlatform
[2020.11.21-08.58.45:640][  0]LogTemp: Display: Loaded TP MacNoEditorTargetPlatform
[2020.11.21-08.58.45:659][  0]LogTemp: Display: Loaded TP MacServerTargetPlatform
[2020.11.21-08.58.45:681][  0]LogTemp: Display: Loaded TP MacTargetPlatform
[2020.11.21-08.58.45:702][  0]LogTemp: Display: Loaded TP WindowsClientTargetPlatform
[2020.11.21-08.58.45:720][  0]LogTemp: Display: Loaded TP WindowsNoEditorTargetPlatform
[2020.11.21-08.58.45:737][  0]LogTemp: Display: Loaded TP WindowsServerTargetPlatform
[2020.11.21-08.58.45:746][  0]LogTemp: Display: Loaded TP WindowsTargetPlatform
[2020.11.21-08.58.45:760][  0]LogTemp: Display: Loaded TP Android_ASTCTargetPlatform
[2020.11.21-08.58.45:774][  0]LogTemp: Display: Loaded TP Android_ATCTargetPlatform
[2020.11.21-08.58.45:788][  0]LogTemp: Display: Loaded TP Android_DXTTargetPlatform
[2020.11.21-08.58.45:803][  0]LogTemp: Display: Loaded TP Android_ETC1aTargetPlatform
[2020.11.21-08.58.45:817][  0]LogTemp: Display: Loaded TP Android_ETC1TargetPlatform
[2020.11.21-08.58.45:832][  0]LogTemp: Display: Loaded TP Android_ETC2TargetPlatform
[2020.11.21-08.58.45:862][  0]LogTemp: Display: Loaded TP Android_MultiTargetPlatform
[2020.11.21-08.58.45:862][  0]LogTemp: Display: Loaded TP Android_PVRTCTargetPlatform
[2020.11.21-08.58.45:879][  0]LogTemp: Display: Loaded TP AndroidTargetPlatform
[2020.11.21-08.58.45:883][  0]LogTemp: Display: Loaded TP HTML5TargetPlatform
[2020.11.21-08.58.45:931][  0]LogTemp: Display: Loaded TP IOSTargetPlatform
[2020.11.21-08.58.45:948][  0]LogTemp: Display: Loaded TP TVOSTargetPlatform
[2020.11.21-08.58.45:962][  0]LogTemp: Display: Loaded TP LinuxClientTargetPlatform
[2020.11.21-08.58.45:976][  0]LogTemp: Display: Loaded TP LinuxNoEditorTargetPlatform
[2020.11.21-08.58.45:990][  0]LogTemp: Display: Loaded TP LinuxServerTargetPlatform
[2020.11.21-08.58.46:006][  0]LogTemp: Display: Loaded TP LinuxTargetPlatform
[2020.11.21-08.58.46:006][  0]LogTargetPlatformManager: Display: Building Assets For Windows
[2020.11.21-08.58.46:318][  0]LogXGEController: Cleaning working directory: C:/Users/KISIK/AppData/Local/Temp/UnrealXGEWorkingDir/
[2020.11.21-08.58.46:319][  0]LogXGEController: Cannot use XGE Controller as Incredibuild is not installed on this machine.
[2020.11.21-08.58.46:319][  0]LogShaderCompilers: Cannot use XGE Shader Compiler as Incredibuild is not installed on this machine.
[2020.11.21-08.58.46:319][  0]LogShaderCompilers: Display: Using Local Shader Compiler.
[2020.11.21-08.58.47:631][  0]LogDerivedDataCache: Display: Max Cache Size: 512 MB
[2020.11.21-08.58.47:953][  0]LogDerivedDataCache: Loaded boot cache 0.32s 84MB C:/Users/KISIK/AppData/Local/UnrealEngine/4.19/DerivedDataCache/Boot.ddc.
[2020.11.21-08.58.47:953][  0]LogDerivedDataCache: Display: Loaded Boot cache: C:/Users/KISIK/AppData/Local/UnrealEngine/4.19/DerivedDataCache/Boot.ddc
[2020.11.21-08.58.47:953][  0]LogDerivedDataCache: FDerivedDataBackendGraph:  Pak pak cache file D:/Unreal_Project/4.19.2/SphericalFPS/DerivedDataCache/DDC.ddp not found, will not use a pak cache.
[2020.11.21-08.58.47:953][  0]LogDerivedDataCache: Unable to find inner node Pak for hierarchical cache Hierarchy.
[2020.11.21-08.58.47:953][  0]LogDerivedDataCache: FDerivedDataBackendGraph:  CompressedPak pak cache file D:/Unreal_Project/4.19.2/SphericalFPS/DerivedDataCache/Compressed.ddp not found, will not use a pak cache.
[2020.11.21-08.58.47:953][  0]LogDerivedDataCache: Unable to find inner node CompressedPak for hierarchical cache Hierarchy.
[2020.11.21-08.58.47:977][  0]LogDerivedDataCache: Display: Pak cache opened for reading ../../../Engine/DerivedDataCache/Compressed.ddp.
[2020.11.21-08.58.47:991][  0]LogDerivedDataCache: Using Local data cache path C:/Users/KISIK/AppData/Local/UnrealEngine/Common/DerivedDataCache: Writable
[2020.11.21-08.58.47:991][  0]LogDerivedDataCache: Shared data cache path not found in *engine.ini, will not use an Shared cache.
[2020.11.21-08.58.47:991][  0]LogDerivedDataCache: Unable to find inner node Shared for hierarchical cache Hierarchy.
[2020.11.21-08.58.48:003][  0]LogMaterial: Verifying Global Shaders for PCD3D_SM5
[2020.11.21-08.58.48:006][  0]LogSlate: Using Freetype 2.6.0
[2020.11.21-08.58.48:010][  0]LogSlate: SlateFontCache - WITH_FREETYPE: 1, WITH_HARFBUZZ: 1
[2020.11.21-08.58.48:010][  0]LogSlate: SlateFontCache - WITH_FREETYPE: 1, WITH_HARFBUZZ: 1
[2020.11.21-08.58.48:758][  0]LogAssetRegistry: FAssetRegistry took 0.0285 seconds to start up
[2020.11.21-08.58.49:217][  0]LogInit: Selected Device Profile: [Windows]
[2020.11.21-08.58.49:632][  0]LogSimplygon: Simplygon DLL not present - disabling.
[2020.11.21-08.58.49:638][  0]LogMeshReduction: Using SimplygonSwarm for distributed automatic mesh merging
[2020.11.21-08.58.49:638][  0]LogMeshReduction: Using QuadricMeshReduction for automatic static mesh reduction
[2020.11.21-08.58.49:638][  0]LogMeshReduction: No automatic skeletal mesh reduction module available
[2020.11.21-08.58.49:638][  0]LogMeshReduction: No automatic mesh merging module available
[2020.11.21-08.58.49:638][  0]LogMeshMerging: No automatic mesh merging module available
[2020.11.21-08.58.49:710][  0]LogNetVersion: SphericalFPS , NetCL: 3944462, EngineNetVer: 2, GameNetVer: 0 (Checksum: 150958298)
[2020.11.21-08.58.50:394][  0]LogPackageLocalizationCache: Processed 10 localized package path(s) for 2 prioritized culture(s) in 0.100512 seconds
[2020.11.21-08.58.50:399][  0]LogUObjectArray: 36728 objects as part of root set at end of initial load.
[2020.11.21-08.58.50:399][  0]LogUObjectAllocator: 7314312 out of 0 bytes used by permanent object pool.
[2020.11.21-08.58.50:399][  0]LogUObjectArray: CloseDisregardForGC: 0/0 objects in disregard for GC pool
[2020.11.21-08.58.54:086][  0]LogTcpMessaging: Initializing TcpMessaging bridge
[2020.11.21-08.58.54:133][  0]LogUdpMessaging: Initializing bridge on interface 0.0.0.0:0 to multicast group 230.0.0.1:6666.
[2020.11.21-08.58.55:799][  0]SourceControl: 소스 콘트롤이 꺼졌습니다.
[2020.11.21-08.58.55:799][  0]SourceControl: 소스 콘트롤이 꺼졌습니다.
[2020.11.21-08.58.55:843][  0]SourceControl: 소스 콘트롤이 꺼졌습니다.
[2020.11.21-08.58.55:880][  0]SourceControl: 소스 콘트롤이 꺼졌습니다.
[2020.11.21-08.58.56:925][  0]LogAndroidPermission: UAndroidPermissionCallbackProxy::GetInstance
[2020.11.21-08.58.57:623][  0]LogOcInput: OculusInput pre-init called
[2020.11.21-08.58.57:868][  0]LogEngine: Initializing Engine...
[2020.11.21-08.58.57:871][  0]LogHMD: Failed to initialize OpenVR with code 110
[2020.11.21-08.58.57:874][  0]LogStats: UGameplayTagsManager::ConstructGameplayTagTree: Construct from data asset -  0.000 s
[2020.11.21-08.58.57:874][  0]LogStats: UGameplayTagsManager::ConstructGameplayTagTree: GameplayTagTreeChangedEvent.Broadcast -  0.000 s
[2020.11.21-08.58.58:140][  0]LogAIModule: Creating AISystem for world Untitled
[2020.11.21-08.58.58:345][  0]LogInit: XAudio2 using 'S27D850(3- NVIDIA High Definition Audio)' : 2 channels at 48 kHz using 16 bits per sample (channel mask 0x3)
[2020.11.21-08.58.58:542][  0]LogInit: FAudioDevice initialized.
[2020.11.21-08.58.58:618][  0]LogDerivedDataCache: Saved boot cache 0.08s 70MB C:/Users/KISIK/AppData/Local/UnrealEngine/4.19/DerivedDataCache/Boot.ddc.
[2020.11.21-08.58.58:630][  0]LogInit: Texture streaming: Enabled
[2020.11.21-08.58.58:661][  0]LogEngineSessionManager: EngineSessionManager initialized
[2020.11.21-08.58.58:685][  0]LogInit: Transaction tracking system initialized
[2020.11.21-08.58.58:755][  0]BlueprintLog: New page: 에디터 로드
[2020.11.21-08.58.58:954][  0]LocalizationService: 현지화 서비스가 비활성화되었습니다.
[2020.11.21-08.58.59:154][  0]LogConsoleResponse: Display: 
[2020.11.21-08.58.59:420][  0]LogCook: Display: Max memory allowance for cook 16384mb min free memory 0mb
[2020.11.21-08.58.59:420][  0]LogCook: Display: Mobile HDR setting 1
[2020.11.21-08.58.59:420][  0]LogGameplayTags: Display: UGameplayTagsManager::DoneAddingNativeTags. DelegateIsBound: 0
[2020.11.21-08.58.59:420][  0]LogStats: UGameplayTagsManager::ConstructGameplayTagTree: Construct from data asset -  0.000 s
[2020.11.21-08.58.59:420][  0]LogStats: UGameplayTagsManager::ConstructGameplayTagTree: GameplayTagTreeChangedEvent.Broadcast -  0.000 s
[2020.11.21-08.58.59:948][  0]LogFileCache: Scanning file cache for directory 'D:/Unreal_Project/4.19.2/SphericalFPS/Content/' took 0.02s
[2020.11.21-08.59.00:172][  0]SourceControl: 소스 콘트롤이 꺼졌습니다.
[2020.11.21-08.59.00:173][  0]Cmd: MAP LOAD FILE="D:/Unreal_Project/4.19.2/SphericalFPS/Content/Maps/Stage.umap" TEMPLATE=0 SHOWPROGRESS=1 FEATURELEVEL=3
[2020.11.21-08.59.00:175][  0]LightingResults: New page: 라이팅 빌드
[2020.11.21-08.59.00:181][  0]MapCheck: New page: 맵 체크
[2020.11.21-08.59.00:181][  0]LightingResults: New page: 라이팅 빌드
[2020.11.21-08.59.00:352][  0]LogUObjectGlobals: Created PersistentFrame Addr=0x000001e1980e6be0, Size=56, Default__BP_CubemapBillboard_C Function /Game/Blueprints/BP_CubemapBillboard.BP_CubemapBillboard_C:ExecuteUbergraph_BP_CubemapBillboard
[2020.11.21-08.59.00:356][  0]LogUObjectGlobals: Destroyed PersistentFrame Addr=0x000001e1980e6be0, Size=56
[2020.11.21-08.59.00:356][  0]LogUObjectGlobals: Created PersistentFrame Addr=0x000001e1980e6be0, Size=56, Default__BP_CubemapBillboard_C Function /Engine/Transient.REINST_BP_CubemapBillboard_C_5:ExecuteUbergraph_BP_CubemapBillboard
[2020.11.21-08.59.00:359][  0]LogUObjectGlobals: Created PersistentFrame Addr=0x000001e1980e59f0, Size=56, Default__BP_CubemapBillboard_C Function /Game/Blueprints/BP_CubemapBillboard.BP_CubemapBillboard_C:ExecuteUbergraph_BP_CubemapBillboard
[2020.11.21-08.59.00:387][  0]LogUObjectGlobals: Created PersistentFrame Addr=0x000001e1849a4f80, Size=64, Default__Arms_AnimBP_C Function /Game/Animations/FPP/Arms_AnimBP.Arms_AnimBP_C:ExecuteUbergraph_Arms_AnimBP
[2020.11.21-08.59.00:398][  0]LogUObjectGlobals: Destroyed PersistentFrame Addr=0x000001e1849a4f80, Size=64
[2020.11.21-08.59.00:398][  0]LogUObjectGlobals: Created PersistentFrame Addr=0x000001e1808bacc0, Size=64, Default__Arms_AnimBP_C Function /Engine/Transient.REINST_Arms_AnimBP_C_0:ExecuteUbergraph_Arms_AnimBP
[2020.11.21-08.59.00:405][  0]LogUObjectGlobals: Created PersistentFrame Addr=0x000001e1808b8500, Size=64, Default__Arms_AnimBP_C Function /Game/Animations/FPP/Arms_AnimBP.Arms_AnimBP_C:ExecuteUbergraph_Arms_AnimBP
[2020.11.21-08.59.00:513][  0]LogUObjectGlobals: Created PersistentFrame Addr=0x000001e180819080, Size=160, Default__BP_FPSProjectile_C Function /Game/Blueprints/BP_FPSProjectile.BP_FPSProjectile_C:ExecuteUbergraph_BP_FPSProjectile
[2020.11.21-08.59.00:517][  0]LogUObjectGlobals: Destroyed PersistentFrame Addr=0x000001e180819080, Size=160
[2020.11.21-08.59.00:517][  0]LogUObjectGlobals: Created PersistentFrame Addr=0x000001e1803cf2e0, Size=160, Default__BP_FPSProjectile_C Function /Engine/Transient.REINST_BP_FPSProjectile_C_8:ExecuteUbergraph_BP_FPSProjectile
[2020.11.21-08.59.00:519][  0]LogUObjectGlobals: Created PersistentFrame Addr=0x000001e1803cea20, Size=160, Default__BP_FPSProjectile_C Function /Game/Blueprints/BP_FPSProjectile.BP_FPSProjectile_C:ExecuteUbergraph_BP_FPSProjectile
[2020.11.21-08.59.00:651][  0]LogUObjectGlobals: Created PersistentFrame Addr=0x000001e180879c10, Size=16, Default__BP_FPSCharacter_C Function /Game/Blueprints/BP_FPSCharacter.BP_FPSCharacter_C:ExecuteUbergraph_BP_FPSCharacter
[2020.11.21-08.59.00:653][  0]LogUObjectGlobals: Destroyed PersistentFrame Addr=0x000001e180879c10, Size=16
[2020.11.21-08.59.00:653][  0]LogUObjectGlobals: Created PersistentFrame Addr=0x000001e180879c10, Size=16, Default__BP_FPSCharacter_C Function /Engine/Transient.REINST_BP_FPSCharacter_C_10:ExecuteUbergraph_BP_FPSCharacter
[2020.11.21-08.59.00:654][  0]LogUObjectGlobals: Created PersistentFrame Addr=0x000001e180879bf0, Size=16, Default__BP_FPSCharacter_C Function /Game/Blueprints/BP_FPSCharacter.BP_FPSCharacter_C:ExecuteUbergraph_BP_FPSCharacter
[2020.11.21-08.59.00:674][  0]LogUObjectGlobals: Created PersistentFrame Addr=0x000001e18082ce80, Size=32, Default__Stage_C Function /Game/Maps/Stage.Stage_C:ExecuteUbergraph_Stage
[2020.11.21-08.59.00:675][  0]LogUObjectGlobals: Destroyed PersistentFrame Addr=0x000001e18082ce80, Size=32
[2020.11.21-08.59.00:675][  0]LogUObjectGlobals: Created PersistentFrame Addr=0x000001e18082ce80, Size=32, Default__Stage_C Function /Engine/Transient.REINST_Stage_C_16:ExecuteUbergraph_Stage
[2020.11.21-08.59.00:676][  0]LogUObjectGlobals: Created PersistentFrame Addr=0x000001e18082c580, Size=32, Default__Stage_C Function /Game/Maps/Stage.Stage_C:ExecuteUbergraph_Stage
[2020.11.21-08.59.00:742][  0]LogSkeletalMesh: Skeletal Mesh found in DDC [6.907200ms] /Game/Meshes/Gun/GunMesh.GunMesh
[2020.11.21-08.59.01:165][  0]LogSkeletalMesh: Skeletal Mesh found in DDC [3.289600ms] /Game/Meshes/HeroFPP/HeroFPP.HeroFPP
[2020.11.21-08.59.01:296][  0]LogAIModule: Creating AISystem for world Stage
[2020.11.21-08.59.01:307][  0]LogEditorServer: Finished looking for orphan Actors (0.000 secs)
[2020.11.21-08.59.01:319][  0]LogUObjectGlobals: Destroyed PersistentFrame Addr=0x000001e1980e6be0, Size=56
[2020.11.21-08.59.01:319][  0]LogUObjectGlobals: Destroyed PersistentFrame Addr=0x000001e1808bacc0, Size=64
[2020.11.21-08.59.01:319][  0]LogUObjectGlobals: Destroyed PersistentFrame Addr=0x000001e1803cf2e0, Size=160
[2020.11.21-08.59.01:319][  0]LogUObjectGlobals: Destroyed PersistentFrame Addr=0x000001e180879c10, Size=16
[2020.11.21-08.59.01:319][  0]LogUObjectGlobals: Destroyed PersistentFrame Addr=0x000001e18082ce80, Size=32
[2020.11.21-08.59.01:320][  0]Cmd: MAP CHECKDEP NOCLEARLOG
[2020.11.21-08.59.01:516][  0]MapCheck: 맵 체크 완료: 오류 0 회, 경고 0 회, 소요 시간 194.892ms.
[2020.11.21-08.59.01:516][  0]LogFileHelpers: Loading map 'Stage' took 1.343
[2020.11.21-08.59.01:742][  0]LogCollectionManager: Loaded 0 collections in 0.002752 seconds
[2020.11.21-08.59.01:862][  0]LogFileCache: Scanning file cache for directory 'D:/Unreal_Project/4.19.2/SphericalFPS/Saved/Collections/' took 0.01s
[2020.11.21-08.59.01:862][  0]LogFileCache: Scanning file cache for directory 'D:/Unreal_Project/4.19.2/SphericalFPS/Content/Developers/KISIK/Collections/' took 0.01s
[2020.11.21-08.59.01:862][  0]LogFileCache: Scanning file cache for directory 'D:/Unreal_Project/4.19.2/SphericalFPS/Content/Collections/' took 0.01s
[2020.11.21-08.59.01:862][  0]LogCollectionManager: Rebuilt the GUID cache for 0 collections in 0.000001 seconds
[2020.11.21-08.59.01:895][  0]LogContentBrowser: Native class hierarchy populated in 0.0297 seconds. Added 2458 classes and 560 folders.
[2020.11.21-08.59.01:935][  0]LogContentBrowser: Native class hierarchy updated for 'WidgetCarousel' in 0.0023 seconds. Added 0 classes and 0 folders.
[2020.11.21-08.59.02:184][  0]LogContentBrowser: Native class hierarchy updated for 'AddContentDialog' in 0.0010 seconds. Added 0 classes and 0 folders.
[2020.11.21-08.59.02:197][  0]LogContentBrowser: Native class hierarchy updated for 'SceneOutliner' in 0.0007 seconds. Added 1 classes and 2 folders.
[2020.11.21-08.59.02:220][  0]LogContentBrowser: Native class hierarchy updated for 'WorldBrowser' in 0.0008 seconds. Added 2 classes and 3 folders.
[2020.11.21-08.59.02:370][  0]LogSlate: Took 0.002680 seconds to synchronously load lazily loaded font '../../../Engine/Content/Slate/Fonts/Roboto-Regular.ttf' (155K)
[2020.11.21-08.59.02:387][  0]LogSlate: Took 0.016489 seconds to synchronously load lazily loaded font '../../../Engine/Content/Editor/Slate/Fonts/NanumGothic.ttf' (4243K)
[2020.11.21-08.59.02:402][  0]LogSlate: Took 0.014072 seconds to synchronously load lazily loaded font '../../../Engine/Content/Editor/Slate/Fonts/NanumGothicBold.ttf' (4188K)
[2020.11.21-08.59.02:404][  0]LogSlate: Took 0.002028 seconds to synchronously load lazily loaded font '../../../Engine/Content/Slate/Fonts/Roboto-Bold.ttf' (160K)
[2020.11.21-08.59.02:410][  0]LogSlate: Took 0.002274 seconds to synchronously load lazily loaded font '../../../Engine/Content/Editor/Slate/Fonts/FontAwesome.ttf' (139K)
[2020.11.21-08.59.02:534][  0]LogRenderer: Reallocating scene render targets to support 1208x624 Format 10 NumSamples 1 (Frame:1).
[2020.11.21-08.59.02:712][  0]LogContentBrowser: Native class hierarchy updated for 'HierarchicalLODOutliner' in 0.0008 seconds. Added 0 classes and 0 folders.
[2020.11.21-08.59.02:712][  0]LogLoad: (Engine Initialization) Total time: 25.72 seconds
[2020.11.21-08.59.02:712][  0]LogLoad: (Engine Initialization) Total Blueprint compile time: 0.00 seconds
[2020.11.21-08.59.03:106][  0]LogContentStreaming: Texture pool size now 1000 MB
[2020.11.21-08.59.03:183][  0]LogSlate: Took 0.002290 seconds to synchronously load lazily loaded font '../../../Engine/Content/Slate/Fonts/Roboto-Light.ttf' (167K)
[2020.11.21-08.59.04:103][  3]LogAssetRegistry: Asset discovery search completed in 15.3688 seconds
[2020.11.21-08.59.04:107][  3]LogCollectionManager: Rebuilt the object cache for 0 collections in 0.000000 seconds (found 0 objects)
[2020.11.21-08.59.04:107][  3]LogCollectionManager: Fixed up redirectors for 0 collections in 0.000176 seconds (updated 0 objects)
[2020.11.21-08.59.12:725][982]LogEditorViewport: Clicking on Actor (LMB): BP_CubemapBillboard_C (BP_CubemapBillboard)
[2020.11.21-08.59.14:543][154]LogSlate: FSceneViewport::OnFocusLost() reason 0
[2020.11.21-08.59.28:310][256]LogTemp: Repeating last play command: 선택된 뷰포트
[2020.11.21-08.59.28:331][256]LogBlueprintUserMessages: Early PlayInEditor Detection: Level '/Game/Maps/Stage.Stage:PersistentLevel' has LevelScriptBlueprint '/Game/Maps/Stage.Stage:PersistentLevel.Stage' with GeneratedClass '/Game/Maps/Stage.Stage_C' with ClassGeneratedBy '/Game/Maps/Stage.Stage:PersistentLevel.Stage'
[2020.11.21-08.59.28:332][256]LogPlayLevel: PlayLevel: No blueprints needed recompiling
[2020.11.21-08.59.28:333][256]PIE: New page: PIE 세션: Stage (2020. 11. 22. 오전 2:59:28)
[2020.11.21-08.59.28:333][256]LogPlayLevel: Creating play world package: /Game/Maps/UEDPIE_0_Stage
[2020.11.21-08.59.28:336][256]LogPlayLevel: PIE: StaticDuplicateObject took: (0.003438s)
[2020.11.21-08.59.28:337][256]LogAIModule: Creating AISystem for world Stage
[2020.11.21-08.59.28:338][256]LogPlayLevel: PIE: World Init took: (0.001147s)
[2020.11.21-08.59.28:338][256]LogPlayLevel: PIE: Created PIE world by copying editor world from /Game/Maps/Stage.Stage to /Game/Maps/UEDPIE_0_Stage.Stage (0.004901s)
[2020.11.21-08.59.28:547][256]LogInit: XAudio2 using 'S27D850(3- NVIDIA High Definition Audio)' : 2 channels at 48 kHz using 16 bits per sample (channel mask 0x3)
[2020.11.21-08.59.28:602][256]LogInit: FAudioDevice initialized.
[2020.11.21-08.59.28:644][256]LogLoad: Game class is 'BP_GameMode_C'
[2020.11.21-08.59.28:647][256]LogWorld: Bringing World /Game/Maps/UEDPIE_0_Stage.Stage up for play (max tick rate 0) at 2020.11.21-17.59.28
[2020.11.21-08.59.28:648][256]LogWorld: Bringing up level for play took: 0.001443
[2020.11.21-08.59.28:660][256]LogContentBrowser: Native class hierarchy updated for 'MovieSceneCapture' in 0.0016 seconds. Added 11 classes and 0 folders.
[2020.11.21-08.59.28:855][256]SphericalFPS: Warning: MatImg Num : 16
[2020.11.21-08.59.28:858][256]SphericalFPS: Warning: histogram : 0.226034 0.058022 0.007568 0.103431 0.004541 0.006559 0.016650 0.139758
[2020.11.21-08.59.28:858][256]SphericalFPS: Warning: histogram : 0.124207 0.101706 0.001661 0.147916 0.002341 0.006418 0.002265 0.115373
[2020.11.21-08.59.28:858][256]SphericalFPS: Warning: histogram : 0.118924 0.108699 0.002568 0.146353 0.002859 0.005234 0.003005 0.119748
[2020.11.21-08.59.28:858][256]SphericalFPS: Warning: histogram : 0.126689 0.127107 0.010935 0.155314 0.009054 0.015740 0.010099 0.099248
[2020.11.21-08.59.28:858][256]SphericalFPS: Warning: histogram : 0.238322 0.072450 0.002383 0.141087 0.002860 0.003813 0.007626 0.117731
[2020.11.21-08.59.28:858][256]SphericalFPS: Warning: histogram : 0.106142 0.093884 0.009578 0.156258 0.004995 0.007408 0.007764 0.159156
[2020.11.21-08.59.28:859][256]SphericalFPS: Warning: histogram : 0.137155 0.077940 0.018172 0.082044 0.023618 0.019934 0.026801 0.182453
[2020.11.21-08.59.28:859][256]SphericalFPS: Warning: histogram : 0.169161 0.117423 0.006369 0.121819 0.008538 0.008510 0.009666 0.132978
[2020.11.21-08.59.28:859][256]SphericalFPS: Warning: histogram : 0.232628 0.018127 0.012085 0.052568 0.013293 0.033837 0.029003 0.169789
[2020.11.21-08.59.28:859][256]SphericalFPS: Warning: histogram : 0.118924 0.043876 0.001894 0.188052 0.001263 0.005524 0.002052 0.123895
[2020.11.21-08.59.28:859][256]SphericalFPS: Warning: histogram : 0.199756 0.029221 0.004106 0.055020 0.017527 0.005475 0.025620 0.242784
[2020.11.21-08.59.28:859][256]SphericalFPS: Warning: histogram : 0.110542 0.058575 0.001191 0.142806 0.002560 0.003929 0.003095 0.186023
[2020.11.21-08.59.28:859][256]SphericalFPS: Warning: histogram : 0.588274 0.066535 0.000659 0.042819 0.009223 0.003953 0.004611 0.084321
[2020.11.21-08.59.28:859][256]SphericalFPS: Warning: histogram : 0.420190 0.116517 0.002366 0.060076 0.004458 0.004732 0.004115 0.116723
[2020.11.21-08.59.28:859][256]SphericalFPS: Warning: histogram : 0.172012 0.124547 0.002119 0.124045 0.001171 0.002510 0.001339 0.117686
[2020.11.21-08.59.28:860][256]SphericalFPS: Warning: histogram : 0.149337 0.091617 0.006037 0.122252 0.005181 0.008444 0.006119 0.234591
[2020.11.21-08.59.29:057][256]PIE: /Game/Maps/UEDPIE_0_Stage 에 대한 에디터에서 플레이 시작 시간: 0.163
[2020.11.21-08.59.29:058][256]LogBlueprintUserMessages: Late PlayInEditor Detection: Level '/Game/Maps/Stage.Stage:PersistentLevel' has LevelScriptBlueprint '/Game/Maps/Stage.Stage:PersistentLevel.Stage' with GeneratedClass '/Game/Maps/Stage.Stage_C' with ClassGeneratedBy '/Game/Maps/Stage.Stage:PersistentLevel.Stage'
[2020.11.21-08.59.29:834][341]SphericalFPS: Warning: DepthVal = 143
[2020.11.21-08.59.29:835][341]SphericalFPS: Warning: pitch = 1.000000
[2020.11.21-08.59.31:097][474]SphericalFPS: Warning: histogram : 0.139507 0.144463 0.001692 0.173839 0.000967 0.000967 0.000484 0.115812
[2020.11.21-08.59.31:097][474]SphericalFPS: Warning: idx 0 diffSum : 0.072623
[2020.11.21-08.59.31:097][474]SphericalFPS: Warning: idx 1 diffSum : 0.149596
[2020.11.21-08.59.31:097][474]SphericalFPS: Warning: idx 2 diffSum : 0.244812
[2020.11.21-08.59.31:098][474]SphericalFPS: Warning: idx 3 diffSum : 0.493010
[2020.11.21-08.59.31:098][474]SphericalFPS: Warning: idx : 0
[2020.11.21-09.00.06:925][380]LogSlate: FSceneViewport::OnFocusLost() reason 0
[2020.11.21-09.00.29:633][115]LogEditorViewport: Clicking on Actor (LMB): BP_CubemapBillboard_C (BP_CubemapBillboard)
[2020.11.21-09.00.30:652][194]LogSlate: Took 0.002007 seconds to synchronously load lazily loaded font '../../../Engine/Content/Slate/Fonts/Roboto-Italic.ttf' (157K)
[2020.11.21-09.00.30:920][214]LogSlate: FSceneViewport::OnFocusLost() reason 0
[2020.11.21-09.26.42:942][598]LogSlate: FSceneViewport::OnFocusLost() reason 0
[2020.11.21-09.34.11:979][128]LogEditorViewport: Clicking on Component (LMB): StaticMeshComponent (Right)
[2020.11.21-09.34.12:849][185]LogSlate: FSceneViewport::OnFocusLost() reason 0
[2020.11.21-09.34.12:929][194]LogBlueprintUserMessages: Early EndPlayMap Detection: Level '/Game/Maps/Stage.Stage:PersistentLevel' has LevelScriptBlueprint '/Game/Maps/Stage.Stage:PersistentLevel.Stage' with GeneratedClass '/Game/Maps/Stage.Stage_C' with ClassGeneratedBy '/Game/Maps/Stage.Stage:PersistentLevel.Stage'
[2020.11.21-09.34.12:961][194]LogBlueprintUserMessages: Late EndPlayMap Detection: Level '/Game/Maps/Stage.Stage:PersistentLevel' has LevelScriptBlueprint '/Game/Maps/Stage.Stage:PersistentLevel.Stage' with GeneratedClass '/Game/Maps/Stage.Stage_C' with ClassGeneratedBy '/Game/Maps/Stage.Stage:PersistentLevel.Stage'
[2020.11.21-09.34.13:617][262]LogEditorViewport: Clicking on Actor (LMB): BP_CubemapBillboard_C (BP_CubemapBillboard)
[2020.11.21-09.34.14:204][318]Cmd: TRANSACTION UNDO
[2020.11.21-09.34.14:204][318]LogEditorTransaction: Undo 액터 클릭
[2020.11.21-09.34.14:229][318]LogSlate: Took 0.000489 seconds to synchronously load lazily loaded font '../../../Engine/Content/Slate/Fonts/Roboto-Light.ttf' (167K)
[2020.11.21-09.34.14:496][342]Cmd: TRANSACTION UNDO
[2020.11.21-09.34.14:496][342]LogEditorTransaction: Undo Image Path RGB 편집
[2020.11.21-09.34.14:826][373]Cmd: TRANSACTION UNDO
[2020.11.21-09.34.14:826][373]LogEditorTransaction: Undo Image Path RGB 편집
[2020.11.21-09.34.15:053][399]Cmd: TRANSACTION UNDO
[2020.11.21-09.34.15:053][399]LogEditorTransaction: Undo 액터 클릭
[2020.11.21-09.34.15:564][458]LogEditorViewport: Clicking on Actor (LMB): BP_CubemapBillboard_C (BP_CubemapBillboard)
[2020.11.21-09.34.16:112][513]Cmd: TRANSACTION UNDO
[2020.11.21-09.34.16:112][513]LogEditorTransaction: Undo 액터 클릭
[2020.11.21-09.34.17:387][664]LogEditorViewport: Clicking on Actor (LMB): BP_CubemapBillboard_C (BP_CubemapBillboard)
[2020.11.21-09.34.17:897][713]Cmd: TRANSACTION UNDO
[2020.11.21-09.34.17:897][713]LogEditorTransaction: Undo 액터 클릭
[2020.11.21-09.34.19:407][891]LogSlate: FSceneViewport::OnFocusLost() reason 0
[2020.11.21-09.34.20:705][901]LogSlate: Window '콘텐츠 저장' being destroyed
[2020.11.21-09.34.20:959][901]Cmd: OBJ SAVEPACKAGE PACKAGE="/Game/Maps/Stage" FILE="D:/Unreal_Project/4.19.2/SphericalFPS/Content/Maps/Stage.umap" SILENT=true AUTOSAVING=false KEEPDIRTY=false
[2020.11.21-09.34.20:994][901]LogUObjectGlobals: Destroyed PersistentFrame Addr=0x000001e18082c580, Size=32
[2020.11.21-09.34.20:994][901]LogUObjectGlobals: Created PersistentFrame Addr=0x000001e1c168b0c0, Size=32, Default__Stage_C Function /Engine/Transient.REINST_Stage_C_20:ExecuteUbergraph_Stage
[2020.11.21-09.34.20:995][901]LogUObjectGlobals: Created PersistentFrame Addr=0x000001e1c168a1e0, Size=32, Default__Stage_C Function /Game/Maps/Stage.Stage_C:ExecuteUbergraph_Stage
[2020.11.21-09.34.21:078][901]LogSavePackage: Save=88.33ms
[2020.11.21-09.34.21:078][901]LogSavePackage: Moving 'D:/Unreal_Project/4.19.2/SphericalFPS/Saved/StageEC1679F9485823BFECD3CC837C9031DC.tmp' to 'D:/Unreal_Project/4.19.2/SphericalFPS/Content/Maps/Stage.umap'
[2020.11.21-09.34.21:081][901]LogSavePackage: Display: Finished SavePackage D:/Unreal_Project/4.19.2/SphericalFPS/Content/Maps/Stage.umap
[2020.11.21-09.34.21:105][901]LogFileHelpers: Saving map 'Stage' took 0.353
[2020.11.21-09.34.21:182][901]LogSlate: Window 'SphericalFPS - 언리얼 에디터' being destroyed
[2020.11.21-09.34.21:194][901]LogWindowsTextInputMethodSystem: Display: IME system now activated using TSF (Microsoft 입력기).
[2020.11.21-09.34.21:389][902]Cmd: QUIT_EDITOR
[2020.11.21-09.34.22:311][902]LogSlate: Slate User Destroyed.  User Index 0, Is Virtual User: 0
[2020.11.21-09.34.22:311][902]LogExit: Preparing to exit.
[2020.11.21-09.34.23:196][902]LogExit: Editor shut down
[2020.11.21-09.34.23:199][902]LogExit: Transaction tracking system shut down
[2020.11.21-09.34.23:200][902]LogUObjectGlobals: Destroyed PersistentFrame Addr=0x000001e1980e59f0, Size=56
[2020.11.21-09.34.23:200][902]LogUObjectGlobals: Destroyed PersistentFrame Addr=0x000001e1c168a1e0, Size=32
[2020.11.21-09.34.23:200][902]LogUObjectGlobals: Destroyed PersistentFrame Addr=0x000001e1808b8500, Size=64
[2020.11.21-09.34.23:200][902]LogUObjectGlobals: Destroyed PersistentFrame Addr=0x000001e1803cea20, Size=160
[2020.11.21-09.34.23:201][902]LogUObjectGlobals: Destroyed PersistentFrame Addr=0x000001e180879bf0, Size=16
[2020.11.21-09.34.23:201][902]LogUObjectGlobals: Destroyed PersistentFrame Addr=0x000001e1c168b0c0, Size=32
[2020.11.21-09.34.23:454][902]LogDirectoryWatcher: A directory notification for '../../../Engine/Content/' was aborted.
[2020.11.21-09.34.23:454][902]LogDirectoryWatcher: A directory notification for 'D:/Unreal_Project/4.19.2/SphericalFPS/Content/' was aborted.
[2020.11.21-09.34.23:454][902]LogDirectoryWatcher: A directory notification for '../../Plugins/2D/Paper2D/Content/' was aborted.
[2020.11.21-09.34.23:454][902]LogDirectoryWatcher: A directory notification for '../../Plugins/Enterprise/DatasmithContent/Content/' was aborted.
[2020.11.21-09.34.23:455][902]LogDirectoryWatcher: A directory notification for '../../Plugins/Media/MediaCompositing/Content/' was aborted.
[2020.11.21-09.34.23:455][902]LogDirectoryWatcher: A directory notification for '../../Plugins/Runtime/AppleARKit/Content/' was aborted.
[2020.11.21-09.34.23:455][902]LogDirectoryWatcher: A directory notification for '../../Plugins/Runtime/Oculus/OculusVR/Content/' was aborted.
[2020.11.21-09.34.23:455][902]LogDirectoryWatcher: A directory notification for '../../Plugins/Runtime/Steam/SteamVR/Content/' was aborted.
[2020.11.21-09.34.23:523][902]LogExit: Object subsystem successfully closed.
[2020.11.21-09.34.23:538][902]LogShaderCompilers: Display: Shaders left to compile 0
[2020.11.21-09.34.23:541][902]LogD3D11RHI: Shutdown
[2020.11.21-09.34.23:541][902]LogD3D11RHI: CleanupD3DDevice
[2020.11.21-09.34.23:543][902]LogD3D11RHI: ~FD3D11DynamicRHI
[2020.11.21-09.34.23:618][902]LogModuleManager: Shutting down and abandoning module MovieSceneCapture (582)
[2020.11.21-09.34.23:618][902]LogModuleManager: Shutting down and abandoning module HierarchicalLODOutliner (580)
[2020.11.21-09.34.23:618][902]LogModuleManager: Shutting down and abandoning module DesktopPlatform (578)
[2020.11.21-09.34.23:618][902]LogModuleManager: Shutting down and abandoning module WorldBrowser (576)
[2020.11.21-09.34.23:618][902]LogModuleManager: Shutting down and abandoning module SceneOutliner (574)
[2020.11.21-09.34.23:618][902]LogModuleManager: Shutting down and abandoning module AddContentDialog (572)
[2020.11.21-09.34.23:618][902]LogDirectoryWatcher: A directory notification for 'C:/Program Files/Epic Games/UE_4.19/FeaturePacks/' was aborted.
[2020.11.21-09.34.23:619][902]LogModuleManager: Shutting down and abandoning module WidgetCarousel (571)
[2020.11.21-09.34.23:619][902]LogModuleManager: Shutting down and abandoning module EditorWidgets (568)
[2020.11.21-09.34.23:619][902]LogModuleManager: Shutting down and abandoning module CollectionManager (566)
[2020.11.21-09.34.23:620][902]LogDirectoryWatcher: A directory notification for 'D:/Unreal_Project/4.19.2/SphericalFPS/Content/Collections/' was aborted.
[2020.11.21-09.34.23:620][902]LogDirectoryWatcher: A directory notification for 'D:/Unreal_Project/4.19.2/SphericalFPS/Content/Developers/KISIK/Collections/' was aborted.
[2020.11.21-09.34.23:620][902]LogDirectoryWatcher: A directory notification for 'D:/Unreal_Project/4.19.2/SphericalFPS/Saved/Collections/' was aborted.
[2020.11.21-09.34.23:620][902]LogModuleManager: Shutting down and abandoning module StatsViewer (564)
[2020.11.21-09.34.23:620][902]LogModuleManager: Shutting down and abandoning module FoliageEdit (562)
[2020.11.21-09.34.23:620][902]LogModuleManager: Shutting down and abandoning module LandscapeEditor (560)
[2020.11.21-09.34.23:620][902]LogModuleManager: Shutting down and abandoning module MeshPaintMode (558)
[2020.11.21-09.34.23:620][902]LogModuleManager: Shutting down and abandoning module SceneDepthPickerMode (556)
[2020.11.21-09.34.23:620][902]LogModuleManager: Shutting down and abandoning module ActorPickerMode (554)
[2020.11.21-09.34.23:620][902]LogModuleManager: Shutting down and abandoning module GeometryMode (552)
[2020.11.21-09.34.23:620][902]LogModuleManager: Shutting down and abandoning module TextureAlignMode (550)
[2020.11.21-09.34.23:620][902]LogModuleManager: Shutting down and abandoning module BspMode (548)
[2020.11.21-09.34.23:621][902]LogModuleManager: Shutting down and abandoning module PIEPreviewDeviceProfileSelector (546)
[2020.11.21-09.34.23:621][902]LogModuleManager: Shutting down and abandoning module HardwareSurvey (544)
[2020.11.21-09.34.23:621][902]LogModuleManager: Shutting down and abandoning module SequenceRecorderSections (542)
[2020.11.21-09.34.23:621][902]LogModuleManager: Shutting down and abandoning module AutomationWorker (540)
[2020.11.21-09.34.23:621][902]LogModuleManager: Shutting down and abandoning module AudioCaptureEditor (538)
[2020.11.21-09.34.23:621][902]LogModuleManager: Shutting down and abandoning module SequenceRecorder (537)
[2020.11.21-09.34.23:621][902]LogModuleManager: Shutting down and abandoning module MatineeToLevelSequence (534)
[2020.11.21-09.34.23:621][902]LogModuleManager: Shutting down and abandoning module LevelSequenceEditor (532)
[2020.11.21-09.34.23:621][902]LogModuleManager: Shutting down and abandoning module PlacementMode (531)
[2020.11.21-09.34.23:621][902]LogModuleManager: Shutting down and abandoning module MaterialEditor (530)
[2020.11.21-09.34.23:622][902]LogModuleManager: Shutting down and abandoning module WmfMediaFactory (526)
[2020.11.21-09.34.23:622][902]LogModuleManager: Shutting down and abandoning module WmfMediaEditor (524)
[2020.11.21-09.34.23:622][902]LogModuleManager: Shutting down and abandoning module MediaPlayerEditor (522)
[2020.11.21-09.34.23:622][902]LogModuleManager: Shutting down and abandoning module OpenExrWrapper (520)
[2020.11.21-09.34.23:622][902]LogModuleManager: Shutting down and abandoning module ImgMediaFactory (518)
[2020.11.21-09.34.23:622][902]LogModuleManager: Shutting down and abandoning module ImgMediaEditor (516)
[2020.11.21-09.34.23:622][902]LogModuleManager: Shutting down and abandoning module AvfMediaFactory (514)
[2020.11.21-09.34.23:622][902]LogModuleManager: Shutting down and abandoning module AvfMediaEditor (512)
[2020.11.21-09.34.23:622][902]LogModuleManager: Shutting down and abandoning module AndroidMediaFactory (510)
[2020.11.21-09.34.23:622][902]LogModuleManager: Shutting down and abandoning module AndroidMediaEditor (508)
[2020.11.21-09.34.23:622][902]LogModuleManager: Shutting down and abandoning module CharacterAI (506)
[2020.11.21-09.34.23:622][902]LogModuleManager: Shutting down and abandoning module SmartSnapping (504)
[2020.11.21-09.34.23:622][902]LogModuleManager: Shutting down and abandoning module SessionServices (502)
[2020.11.21-09.34.23:623][902]LogModuleManager: Shutting down and abandoning module ViewportSnapping (500)
[2020.11.21-09.34.23:623][902]LogModuleManager: Shutting down and abandoning module ViewportInteraction (498)
[2020.11.21-09.34.23:623][902]LogModuleManager: Shutting down and abandoning module ClothPainter (496)
[2020.11.21-09.34.23:623][902]LogModuleManager: Shutting down and abandoning module SkeletalMeshEditor (495)
[2020.11.21-09.34.23:623][902]LogModuleManager: Shutting down and abandoning module LogVisualizer (492)
[2020.11.21-09.34.23:623][902]LogModuleManager: Shutting down and abandoning module IntroTutorials (490)
[2020.11.21-09.34.23:623][902]LogModuleManager: Shutting down and abandoning module GameProjectGeneration (489)
[2020.11.21-09.34.23:623][902]LogModuleManager: Shutting down and abandoning module IOSPlatformEditor (486)
[2020.11.21-09.34.23:623][902]LogModuleManager: Shutting down and abandoning module HTML5PlatformEditor (484)
[2020.11.21-09.34.23:623][902]LogModuleManager: Shutting down and abandoning module AndroidPlatformEditor (482)
[2020.11.21-09.34.23:623][902]LogModuleManager: Shutting down and abandoning module AndroidDeviceDetection (481)
[2020.11.21-09.34.24:233][902]LogModuleManager: Shutting down and abandoning module WindowsPlatformEditor (478)
[2020.11.21-09.34.24:233][902]LogModuleManager: Shutting down and abandoning module IOSRuntimeSettings (476)
[2020.11.21-09.34.24:233][902]LogModuleManager: Shutting down and abandoning module AndroidRuntimeSettings (474)
[2020.11.21-09.34.24:233][902]LogModuleManager: Shutting down and abandoning module InputBindingEditor (472)
[2020.11.21-09.34.24:233][902]LogModuleManager: Shutting down and abandoning module MergeActors (470)
[2020.11.21-09.34.24:234][902]LogModuleManager: Shutting down and abandoning module LocalizationDashboard (468)
[2020.11.21-09.34.24:234][902]LogModuleManager: Shutting down and abandoning module LocalizationService (467)
[2020.11.21-09.34.24:234][902]LogModuleManager: Shutting down and abandoning module HardwareTargeting (464)
[2020.11.21-09.34.24:234][902]LogModuleManager: Shutting down and abandoning module DeviceProfileEditor (462)
[2020.11.21-09.34.24:234][902]LogModuleManager: Shutting down and abandoning module UndoHistory (460)
[2020.11.21-09.34.24:234][902]LogModuleManager: Shutting down and abandoning module XmlParser (458)
[2020.11.21-09.34.24:234][902]LogModuleManager: Shutting down and abandoning module Blutility (456)
[2020.11.21-09.34.24:234][902]LogModuleManager: Shutting down and abandoning module ProjectSettingsViewer (454)
[2020.11.21-09.34.24:234][902]LogModuleManager: Shutting down and abandoning module ProjectTargetPlatformEditor (453)
[2020.11.21-09.34.24:234][902]LogModuleManager: Shutting down and abandoning module EditorSettingsViewer (450)
[2020.11.21-09.34.24:234][902]LogModuleManager: Shutting down and abandoning module SettingsEditor (448)
[2020.11.21-09.34.24:234][902]LogModuleManager: Shutting down and abandoning module ProjectLauncher (446)
[2020.11.21-09.34.24:234][902]LogModuleManager: Shutting down and abandoning module SessionFrontend (444)
[2020.11.21-09.34.24:234][902]LogModuleManager: Shutting down and abandoning module ProfilerClient (442)
[2020.11.21-09.34.24:235][902]LogModuleManager: Shutting down and abandoning module DeviceManager (440)
[2020.11.21-09.34.24:235][902]LogModuleManager: Shutting down and abandoning module TargetDeviceServices (439)
[2020.11.21-09.34.24:301][902]LogModuleManager: Shutting down and abandoning module AutomationController (436)
[2020.11.21-09.34.24:301][902]LogModuleManager: Shutting down and abandoning module AutomationWindow (434)
[2020.11.21-09.34.24:301][902]LogModuleManager: Shutting down and abandoning module Layers (432)
[2020.11.21-09.34.24:302][902]LogModuleManager: Shutting down and abandoning module ComponentVisualizers (430)
[2020.11.21-09.34.24:302][902]LogModuleManager: Shutting down and abandoning module DetailCustomizations (428)
[2020.11.21-09.34.24:302][902]LogModuleManager: Shutting down and abandoning module PackagesDialog (426)
[2020.11.21-09.34.24:302][902]LogModuleManager: Shutting down and abandoning module Persona (424)
[2020.11.21-09.34.24:303][902]LogModuleManager: Shutting down and abandoning module AdvancedPreviewScene (423)
[2020.11.21-09.34.24:303][902]LogModuleManager: Shutting down and abandoning module AnimGraph (421)
[2020.11.21-09.34.24:303][902]LogModuleManager: Shutting down and abandoning module Kismet (418)
[2020.11.21-09.34.24:303][902]LogModuleManager: Shutting down and abandoning module GraphEditor (416)
[2020.11.21-09.34.24:304][902]LogModuleManager: Shutting down and abandoning module ClassViewer (414)
[2020.11.21-09.34.24:305][902]LogModuleManager: Shutting down and abandoning module Toolbox (412)
[2020.11.21-09.34.24:305][902]LogModuleManager: Shutting down and abandoning module ModuleUI (410)
[2020.11.21-09.34.24:305][902]LogModuleManager: Shutting down and abandoning module MovieSceneTools (408)
[2020.11.21-09.34.24:305][902]LogModuleManager: Shutting down and abandoning module OutputLog (406)
[2020.11.21-09.34.24:305][902]LogModuleManager: Shutting down and abandoning module GammaUI (404)
[2020.11.21-09.34.24:305][902]LogModuleManager: Shutting down and abandoning module Documentation (402)
[2020.11.21-09.34.24:305][902]LogModuleManager: Shutting down and abandoning module MovieSceneTracks (400)
[2020.11.21-09.34.24:305][902]LogModuleManager: Shutting down and abandoning module MovieScene (398)
[2020.11.21-09.34.24:305][902]LogModuleManager: Shutting down and abandoning module StreamingPauseRendering (396)
[2020.11.21-09.34.24:305][902]LogModuleManager: Shutting down and abandoning module LauncherPlatform (394)
[2020.11.21-09.34.24:305][902]LogModuleManager: Shutting down and abandoning module AnalyticsET (392)
[2020.11.21-09.34.24:305][902]LogModuleManager: Shutting down and abandoning module PortalServices (390)
[2020.11.21-09.34.24:305][902]LogModuleManager: Shutting down and abandoning module PortalRpc (388)
[2020.11.21-09.34.24:305][902]LogModuleManager: Shutting down and abandoning module MessagingRpc (386)
[2020.11.21-09.34.24:305][902]LogModuleManager: Shutting down and abandoning module AIModule (384)
[2020.11.21-09.34.24:305][902]LogModuleManager: Shutting down and abandoning module GameplayDebugger (383)
[2020.11.21-09.34.24:305][902]LogModuleManager: Shutting down and abandoning module AITestSuite (381)
[2020.11.21-09.34.24:305][902]LogModuleManager: Shutting down and abandoning module ProfilerService (378)
[2020.11.21-09.34.24:538][902]LogModuleManager: Shutting down and abandoning module TaskGraph (376)
[2020.11.21-09.34.24:538][902]LogModuleManager: Shutting down and abandoning module OpenCV410 (374)
[2020.11.21-09.34.24:538][902]LogModuleManager: Shutting down and abandoning module SteamVRController (372)
[2020.11.21-09.34.24:538][902]LogModuleManager: Shutting down and abandoning module ProceduralMeshComponentEditor (370)
[2020.11.21-09.34.24:538][902]LogModuleManager: Shutting down and abandoning module ProceduralMeshComponent (368)
[2020.11.21-09.34.24:538][902]LogModuleManager: Shutting down and abandoning module OculusInput (366)
[2020.11.21-09.34.24:538][902]LogModuleManager: Shutting down and abandoning module MobilePatchingUtils (364)
[2020.11.21-09.34.24:538][902]LogModuleManager: Shutting down and abandoning module CustomMeshComponent (362)
[2020.11.21-09.34.24:538][902]LogModuleManager: Shutting down and abandoning module CableComponent (360)
[2020.11.21-09.34.24:538][902]LogModuleManager: Shutting down and abandoning module AudioCapture (358)
[2020.11.21-09.34.24:538][902]LogModuleManager: Shutting down and abandoning module ArchVisCharacter (356)
[2020.11.21-09.34.24:538][902]LogModuleManager: Shutting down and abandoning module AndroidPermission (354)
[2020.11.21-09.34.24:538][902]LogModuleManager: Shutting down and abandoning module NUTUnrealEngine4 (350)
[2020.11.21-09.34.24:538][902]LogModuleManager: Shutting down and abandoning module NetcodeUnitTest (348)
[2020.11.21-09.34.24:538][902]LogModuleManager: Shutting down and abandoning module MediaCompositingEditor (346)
[2020.11.21-09.34.24:538][902]LogModuleManager: Shutting down and abandoning module MediaCompositing (344)
[2020.11.21-09.34.24:538][902]LogModuleManager: Shutting down and abandoning module LinearTimecode (342)
[2020.11.21-09.34.24:539][902]LogModuleManager: Shutting down and abandoning module ImgMedia (340)
[2020.11.21-09.34.24:541][902]LogModuleManager: Shutting down and abandoning module HTML5Networking (338)
[2020.11.21-09.34.24:541][902]LogModuleManager: Shutting down and abandoning module AlembicImporter (336)
[2020.11.21-09.34.24:542][902]LogModuleManager: Shutting down and abandoning module AlembicLibrary (335)
[2020.11.21-09.34.24:542][902]LogModuleManager: Shutting down and abandoning module GeometryCache (334)
[2020.11.21-09.34.24:542][902]LogModuleManager: Shutting down and abandoning module GeometryCacheEd (333)
[2020.11.21-09.34.24:542][902]LogModuleManager: Shutting down and abandoning module DatasmithContent (328)
[2020.11.21-09.34.24:542][902]LogModuleManager: Shutting down and abandoning module SpeedTreeImporter (326)
[2020.11.21-09.34.24:542][902]LogModuleManager: Shutting down and abandoning module PluginBrowser (324)
[2020.11.21-09.34.24:542][902]LogModuleManager: Shutting down and abandoning module MobileLauncherProfileWizard (322)
[2020.11.21-09.34.24:542][902]LogModuleManager: Shutting down and abandoning module CryptoKeysOpenSSL (320)
[2020.11.21-09.34.24:542][902]LogModuleManager: Shutting down and abandoning module CryptoKeys (318)
[2020.11.21-09.34.24:542][902]LogModuleManager: Shutting down and abandoning module VisualStudioSourceCodeAccess (316)
[2020.11.21-09.34.24:542][902]LogModuleManager: Shutting down and abandoning module VisualStudioCodeSourceCodeAccess (314)
[2020.11.21-09.34.24:542][902]LogModuleManager: Shutting down and abandoning module UObjectPlugin (312)
[2020.11.21-09.34.24:542][902]LogModuleManager: Shutting down and abandoning module SubversionSourceControl (310)
[2020.11.21-09.34.24:542][902]LogModuleManager: Shutting down and abandoning module PerforceSourceControl (308)
[2020.11.21-09.34.24:542][902]LogModuleManager: Shutting down and abandoning module GitSourceControl (306)
[2020.11.21-09.34.24:542][902]LogModuleManager: Shutting down and abandoning module SourceControl (305)
[2020.11.21-09.34.24:542][902]LogModuleManager: Shutting down and abandoning module CLionSourceCodeAccess (302)
[2020.11.21-09.34.24:542][902]LogModuleManager: Shutting down and abandoning module LightPropagationVolumeEditor (300)
[2020.11.21-09.34.24:542][902]LogModuleManager: Shutting down and abandoning module PaperTiledImporter (298)
[2020.11.21-09.34.24:542][902]LogModuleManager: Shutting down and abandoning module PaperSpriteSheetImporter (296)
[2020.11.21-09.34.24:542][902]LogModuleManager: Shutting down and abandoning module Paper2DEditor (294)
[2020.11.21-09.34.24:542][902]LogModuleManager: Shutting down and abandoning module MeshPaint (293)
[2020.11.21-09.34.24:542][902]LogModuleManager: Shutting down and abandoning module SphericalFPS (290)
[2020.11.21-09.34.24:542][902]LogModuleManager: Shutting down and abandoning module RuntimePhysXCooking (288)
[2020.11.21-09.34.24:542][902]LogModuleManager: Shutting down and abandoning module PhysXVehiclesEditor (286)
[2020.11.21-09.34.24:542][902]LogModuleManager: Shutting down and abandoning module PhysXVehicles (284)
[2020.11.21-09.34.24:542][902]LogModuleManager: Shutting down and abandoning module OculusEditor (282)
[2020.11.21-09.34.24:542][902]LogModuleManager: Shutting down and abandoning module LocationServicesBPLibrary (280)
[2020.11.21-09.34.24:542][902]LogModuleManager: Shutting down and abandoning module ImmediatePhysicsEditor (278)
[2020.11.21-09.34.24:542][902]LogModuleManager: Shutting down and abandoning module ImmediatePhysics (276)
[2020.11.21-09.34.24:542][902]LogModuleManager: Shutting down and abandoning module ActorSequence (274)
[2020.11.21-09.34.24:542][902]LogModuleManager: Shutting down and abandoning module UdpMessaging (272)
[2020.11.21-09.34.24:644][902]LogModuleManager: Shutting down and abandoning module TcpMessaging (270)
[2020.11.21-09.34.24:745][902]LogModuleManager: Shutting down and abandoning module GameplayTagsEditor (268)
[2020.11.21-09.34.24:745][902]LogModuleManager: Shutting down and abandoning module FacialAnimationEditor (266)
[2020.11.21-09.34.24:745][902]LogModuleManager: Shutting down and abandoning module FacialAnimation (264)
[2020.11.21-09.34.24:745][902]LogModuleManager: Shutting down and abandoning module DataValidation (262)
[2020.11.21-09.34.24:745][902]LogModuleManager: Shutting down and abandoning module AssetManagerEditor (260)
[2020.11.21-09.34.24:745][902]LogModuleManager: Shutting down and abandoning module LevelEditor (259)
[2020.11.21-09.34.24:746][902]LogModuleManager: Shutting down and abandoning module PixelInspectorModule (258)
[2020.11.21-09.34.24:746][902]LogModuleManager: Shutting down and abandoning module CommonMenuExtensions (256)
[2020.11.21-09.34.24:746][902]LogModuleManager: Shutting down and abandoning module MainFrame (254)
[2020.11.21-09.34.24:746][902]LogModuleManager: Shutting down and abandoning module HotReload (253)
[2020.11.21-09.34.24:746][902]LogDirectoryWatcher: A directory notification for 'D:/Unreal_Project/4.19.2/SphericalFPS/Binaries/Win64' was aborted.
[2020.11.21-09.34.24:746][902]LogDirectoryWatcher: A directory notification for 'D:/Unreal_Project/4.19.2/SphericalFPS/Plugins/OpenCV410/Binaries/Win64' was aborted.
[2020.11.21-09.34.24:747][902]LogModuleManager: Shutting down and abandoning module ContentBrowser (249)
[2020.11.21-09.34.24:748][902]LogModuleManager: Shutting down and abandoning module TreeMap (247)
[2020.11.21-09.34.24:748][902]LogModuleManager: Shutting down and abandoning module LightPropagationVolumeRuntime (244)
[2020.11.21-09.34.24:748][902]LogModuleManager: Shutting down and abandoning module LiveLinkEditor (242)
[2020.11.21-09.34.24:748][902]LogModuleManager: Shutting down and abandoning module LiveLink (240)
[2020.11.21-09.34.25:694][902]LogModuleManager: Shutting down and abandoning module Paper2D (238)
[2020.11.21-09.34.25:694][902]LogModuleManager: Shutting down and abandoning module WindowsMoviePlayer (236)
[2020.11.21-09.34.25:695][902]LogModuleManager: Shutting down and abandoning module WmfMedia (234)
[2020.11.21-09.34.25:696][902]LogModuleManager: Shutting down and abandoning module Media (233)
[2020.11.21-09.34.25:702][902]LogModuleManager: Shutting down and abandoning module PacketHandler (230)
[2020.11.21-09.34.25:702][902]LogModuleManager: Shutting down and abandoning module ClothingSystemEditor (228)
[2020.11.21-09.34.25:702][902]LogModuleManager: Shutting down and abandoning module ClothingSystemRuntime (226)
[2020.11.21-09.34.25:702][902]LogModuleManager: Shutting down and abandoning module MediaAssets (224)
[2020.11.21-09.34.25:702][902]LogModuleManager: Shutting down and abandoning module Overlay (222)
[2020.11.21-09.34.25:702][902]LogModuleManager: Shutting down and abandoning module OverlayEditor (221)
[2020.11.21-09.34.25:703][902]LogModuleManager: Shutting down and abandoning module VREditor (218)
[2020.11.21-09.34.25:703][902]LogModuleManager: Shutting down and abandoning module StringTableEditor (216)
[2020.11.21-09.34.25:703][902]LogModuleManager: Shutting down and abandoning module GameplayTasksEditor (214)
[2020.11.21-09.34.25:703][902]LogModuleManager: Shutting down and abandoning module BehaviorTreeEditor (212)
[2020.11.21-09.34.25:703][902]LogModuleManager: Shutting down and abandoning module FunctionalTesting (210)
[2020.11.21-09.34.25:703][902]LogModuleManager: Shutting down and abandoning module CollisionAnalyzer (208)
[2020.11.21-09.34.25:703][902]LogModuleManager: Shutting down and abandoning module WorkspaceMenuStructure (207)
[2020.11.21-09.34.25:704][902]LogModuleManager: Shutting down and abandoning module UMG (204)
[2020.11.21-09.34.25:704][902]LogModuleManager: Shutting down and abandoning module UMGEditor (203)
[2020.11.21-09.34.25:705][902]LogModuleManager: Shutting down and abandoning module Sequencer (202)
[2020.11.21-09.34.25:706][902]LogModuleManager: Shutting down and abandoning module MessageLog (199)
[2020.11.21-09.34.25:706][902]LogModuleManager: Shutting down and abandoning module SlateReflector (194)
[2020.11.21-09.34.25:706][902]LogModuleManager: Shutting down and abandoning module Slate (192)
[2020.11.21-09.34.25:706][902]LogModuleManager: Shutting down and abandoning module EditorStyle (190)
[2020.11.21-09.34.25:709][902]LogModuleManager: Shutting down and abandoning module MRMesh (188)
[2020.11.21-09.34.25:709][902]LogModuleManager: Shutting down and abandoning module SourceCodeAccess (186)
[2020.11.21-09.34.25:709][902]LogModuleManager: Shutting down and abandoning module HeadMountedDisplay (184)
[2020.11.21-09.34.25:709][902]LogModuleManager: Shutting down and abandoning module XAudio2 (182)
[2020.11.21-09.34.25:709][902]LogModuleManager: Shutting down and abandoning module Networking (180)
[2020.11.21-09.34.25:709][902]LogModuleManager: Shutting down and abandoning module Core (178)
[2020.11.21-09.34.25:709][902]LogModuleManager: Shutting down and abandoning module LevelSequence (176)
[2020.11.21-09.34.25:709][902]LogModuleManager: Shutting down and abandoning module KismetCompiler (174)
[2020.11.21-09.34.25:709][902]LogModuleManager: Shutting down and abandoning module MeshUtilities (172)
[2020.11.21-09.34.25:709][902]LogModuleManager: Shutting down and abandoning module MeshMergeUtilities (171)
[2020.11.21-09.34.25:709][902]LogModuleManager: Shutting down and abandoning module MeshReductionInterface (170)
[2020.11.21-09.34.25:709][902]LogModuleManager: Shutting down and abandoning module SimplygonSwarm (169)
[2020.11.21-09.34.25:709][902]LogModuleManager: Shutting down and abandoning module SimplygonMeshReduction (167)
[2020.11.21-09.34.25:709][902]LogModuleManager: Shutting down and abandoning module QuadricMeshReduction (165)
[2020.11.21-09.34.25:709][902]LogModuleManager: Shutting down and abandoning module MaterialBaking (161)
[2020.11.21-09.34.25:709][902]LogModuleManager: Shutting down and abandoning module DirectoryWatcher (157)
[2020.11.21-09.34.25:711][902]LogModuleManager: Shutting down and abandoning module DerivedDataCache (154)
[2020.11.21-09.34.25:745][902]LogDerivedDataCache: Shutdown
[2020.11.21-09.34.25:745][902]LogModuleManager: Shutting down and abandoning module XGEController (152)
[2020.11.21-09.34.25:745][902]LogXGEController: Cleaning working directory: C:/Users/KISIK/AppData/Local/Temp/UnrealXGEWorkingDir/
[2020.11.21-09.34.25:746][902]LogModuleManager: Shutting down and abandoning module TargetPlatform (150)
[2020.11.21-09.34.25:746][902]LogModuleManager: Shutting down and abandoning module VulkanShaderFormat (149)
[2020.11.21-09.34.25:746][902]LogModuleManager: Shutting down and abandoning module ShaderFormatVectorVM (147)
[2020.11.21-09.34.25:746][902]LogModuleManager: Shutting down and abandoning module ShaderFormatOpenGL (145)
[2020.11.21-09.34.25:746][902]LogModuleManager: Shutting down and abandoning module ShaderFormatD3D (143)
[2020.11.21-09.34.25:746][902]LogModuleManager: Shutting down and abandoning module MetalShaderFormat (141)
[2020.11.21-09.34.25:746][902]LogModuleManager: Shutting down and abandoning module TextureFormatUncompressed (139)
[2020.11.21-09.34.25:746][902]LogModuleManager: Shutting down and abandoning module TextureFormatPVR (137)
[2020.11.21-09.34.25:747][902]LogModuleManager: Shutting down and abandoning module TextureFormatDXT (135)
[2020.11.21-09.34.25:747][902]LogModuleManager: Shutting down and abandoning module TextureFormatIntelISPCTexComp (133)
[2020.11.21-09.34.25:747][902]LogModuleManager: Shutting down and abandoning module TextureFormatASTC (131)
[2020.11.21-09.34.25:747][902]LogModuleManager: Shutting down and abandoning module ImageWrapper (130)
[2020.11.21-09.34.25:747][902]LogModuleManager: Shutting down and abandoning module TextureFormatAndroid (127)
[2020.11.21-09.34.25:747][902]LogModuleManager: Shutting down and abandoning module AudioFormatOpus (125)
[2020.11.21-09.34.25:747][902]LogModuleManager: Shutting down and abandoning module AudioFormatOgg (123)
[2020.11.21-09.34.25:747][902]LogModuleManager: Shutting down and abandoning module AudioFormatADPCM (121)
[2020.11.21-09.34.25:747][902]LogModuleManager: Shutting down and abandoning module LinuxTargetPlatform (119)
[2020.11.21-09.34.25:747][902]LogModuleManager: Shutting down and abandoning module LinuxServerTargetPlatform (117)
[2020.11.21-09.34.25:747][902]LogModuleManager: Shutting down and abandoning module LinuxNoEditorTargetPlatform (115)
[2020.11.21-09.34.25:747][902]LogModuleManager: Shutting down and abandoning module LinuxClientTargetPlatform (113)
[2020.11.21-09.34.25:747][902]LogModuleManager: Shutting down and abandoning module TVOSTargetPlatform (111)
[2020.11.21-09.34.25:747][902]LogModuleManager: Shutting down and abandoning module Messaging (109)
[2020.11.21-09.34.25:747][902]LogModuleManager: Shutting down and abandoning module IOSTargetPlatform (107)
[2020.11.21-09.34.25:747][902]LogModuleManager: Shutting down and abandoning module HTML5TargetPlatform (105)
[2020.11.21-09.34.25:747][902]LogModuleManager: Shutting down and abandoning module AndroidTargetPlatform (103)
[2020.11.21-09.34.25:747][902]LogModuleManager: Shutting down and abandoning module Android_PVRTCTargetPlatform (101)
[2020.11.21-09.34.25:747][902]LogModuleManager: Shutting down and abandoning module Android_MultiTargetPlatform (99)
[2020.11.21-09.34.25:747][902]LogModuleManager: Shutting down and abandoning module Android_ETC2TargetPlatform (97)
[2020.11.21-09.34.25:747][902]LogModuleManager: Shutting down and abandoning module Android_ETC1TargetPlatform (95)
[2020.11.21-09.34.25:747][902]LogModuleManager: Shutting down and abandoning module Android_ETC1aTargetPlatform (93)
[2020.11.21-09.34.25:747][902]LogModuleManager: Shutting down and abandoning module Android_DXTTargetPlatform (91)
[2020.11.21-09.34.25:747][902]LogModuleManager: Shutting down and abandoning module Android_ATCTargetPlatform (89)
[2020.11.21-09.34.25:747][902]LogModuleManager: Shutting down and abandoning module Android_ASTCTargetPlatform (87)
[2020.11.21-09.34.25:747][902]LogModuleManager: Shutting down and abandoning module WindowsTargetPlatform (85)
[2020.11.21-09.34.25:747][902]LogModuleManager: Shutting down and abandoning module WindowsServerTargetPlatform (83)
[2020.11.21-09.34.25:748][902]LogModuleManager: Shutting down and abandoning module WindowsNoEditorTargetPlatform (81)
[2020.11.21-09.34.25:748][902]LogModuleManager: Shutting down and abandoning module WindowsClientTargetPlatform (79)
[2020.11.21-09.34.25:748][902]LogModuleManager: Shutting down and abandoning module MacTargetPlatform (77)
[2020.11.21-09.34.25:748][902]LogModuleManager: Shutting down and abandoning module MacServerTargetPlatform (75)
[2020.11.21-09.34.25:748][902]LogModuleManager: Shutting down and abandoning module MacNoEditorTargetPlatform (73)
[2020.11.21-09.34.25:748][902]LogModuleManager: Shutting down and abandoning module MacClientTargetPlatform (71)
[2020.11.21-09.34.25:748][902]LogModuleManager: Shutting down and abandoning module AllDesktopTargetPlatform (69)
[2020.11.21-09.34.25:748][902]LogModuleManager: Shutting down and abandoning module InputCore (66)
[2020.11.21-09.34.25:748][902]LogModuleManager: Shutting down and abandoning module Settings (64)
[2020.11.21-09.34.25:748][902]LogModuleManager: Shutting down and abandoning module PhysXCooking (62)
[2020.11.21-09.34.25:748][902]LogModuleManager: Shutting down and abandoning module SteamVR (60)
[2020.11.21-09.34.25:748][902]LogModuleManager: Shutting down and abandoning module OculusHMD (58)
[2020.11.21-09.34.25:748][902]LogModuleManager: Shutting down and abandoning module ExampleDeviceProfileSelector (56)
[2020.11.21-09.34.25:748][902]LogModuleManager: Shutting down and abandoning module AppleARKit (54)
[2020.11.21-09.34.25:748][902]LogModuleManager: Shutting down and abandoning module AugmentedReality (51)
[2020.11.21-09.34.25:748][902]LogModuleManager: Shutting down and abandoning module OnlineBlueprintSupport (48)
[2020.11.21-09.34.25:748][902]LogModuleManager: Shutting down and abandoning module OnlineSubsystem (44)
[2020.11.21-09.34.25:748][902]LogModuleManager: Shutting down and abandoning module XMPP (43)
[2020.11.21-09.34.25:748][902]LogModuleManager: Shutting down and abandoning module HTTP (41)
[2020.11.21-09.34.25:748][902]LogHttp: Display: Http module shutting down, but needs to wait on 1 outstanding Http requests:
[2020.11.21-09.34.25:749][902]LogHttp: Display: 	verb=[POST] url=[https://datarouter.ol.epicgames.com/datarouter/api/v1/public/data?SessionID=%7B993B07DC-4445-697A-13D9-69A9AA36E45B%7D&AppID=UEEditor.Rocket.Release&AppVersion=4.19.2-4033788%2B%2B%2BUE4%2BRelease-4.19&UserID=c72a09224594b590e058d8a94ef89727%7C5fa01440f017427ab75ceda424954b9e%7C08981424-8426-45a0-b95c-a80282d9bc9c&AppEnvironment=datacollector-binary&UploadType=eteventstream] status=Processing
[2020.11.21-09.34.25:784][902]LogModuleManager: Shutting down and abandoning module SSL (40)
[2020.11.21-09.34.25:786][902]LogModuleManager: Shutting down and abandoning module AnimationModifiers (36)
[2020.11.21-09.34.25:786][902]LogModuleManager: Shutting down and abandoning module PropertyEditor (35)
[2020.11.21-09.34.25:787][902]LogModuleManager: Shutting down and abandoning module AudioEditor (32)
[2020.11.21-09.34.25:787][902]LogModuleManager: Shutting down and abandoning module TextureCompressor (30)
[2020.11.21-09.34.25:787][902]LogModuleManager: Shutting down and abandoning module ShaderCore (28)
[2020.11.21-09.34.25:787][902]LogModuleManager: Shutting down and abandoning module Landscape (26)
[2020.11.21-09.34.25:787][902]LogModuleManager: Shutting down and abandoning module SlateRHIRenderer (24)
[2020.11.21-09.34.25:790][902]LogModuleManager: Shutting down and abandoning module OpenGLDrv (22)
[2020.11.21-09.34.25:790][902]LogModuleManager: Shutting down and abandoning module D3D11RHI (20)
[2020.11.21-09.34.25:791][902]LogModuleManager: Shutting down and abandoning module AnimGraphRuntime (18)
[2020.11.21-09.34.25:791][902]LogModuleManager: Shutting down and abandoning module Renderer (16)
[2020.11.21-09.34.25:791][902]LogModuleManager: Shutting down and abandoning module Engine (14)
[2020.11.21-09.34.25:791][902]LogModuleManager: Shutting down and abandoning module CoreUObject (12)
[2020.11.21-09.34.25:791][902]LogModuleManager: Shutting down and abandoning module NetworkFile (10)
[2020.11.21-09.34.25:791][902]LogModuleManager: Shutting down and abandoning module CookedIterativeFile (8)
[2020.11.21-09.34.25:791][902]LogModuleManager: Shutting down and abandoning module StreamingFile (6)
[2020.11.21-09.34.25:791][902]LogModuleManager: Shutting down and abandoning module SandboxFile (4)
[2020.11.21-09.34.25:791][902]LogModuleManager: Shutting down and abandoning module PakFile (2)
[2020.11.21-09.34.25:801][902]LogExit: Exiting.
[2020.11.21-09.34.25:825][902]Log file closed, 11/21/20 18:34:25
