Log file open, 12/22/20 20:11:11
LogWindows: Failed to load 'aqProf.dll' (GetLastError=126)
LogWindows: File 'aqProf.dll' does not exist
LogWindows: Failed to load 'VtuneApi.dll' (GetLastError=126)
LogWindows: File 'VtuneApi.dll' does not exist
LogWindows: Failed to load 'VtuneApi32e.dll' (GetLastError=126)
LogWindows: File 'VtuneApi32e.dll' does not exist
LogInit: Display: Running engine for game: SphericalFPS
LogPlatformFile: Not using cached read wrapper
LogInit: Display: RandInit(1835934612) SRandInit(1835934612).
LogInit: Read version file with build ID '3944462'
LogInit: Overriding engine version to CL 4033788, compatible CL 3944462
LogInit: Registered custom module enumerator with build ID '3944462'
LogTaskGraph: Started task graph with 5 named threads and 23 total threads with 3 sets of task threads.
LogStats: Stats thread started at 0.306147
LogD3D11RHI: Aftermath initialized
LogICUInternationalization: Display: ICU TimeZone Detection - Raw Offset: +9:00, Platform Override: ''
LogPluginManager: Mounting plugin Paper2D
LogPluginManager: Mounting plugin LiveLink
LogPluginManager: Mounting plugin LightPropagationVolume
LogPluginManager: Mounting plugin CLionSourceCodeAccess
LogPluginManager: Mounting plugin CodeLiteSourceCodeAccess
LogPluginManager: Mounting plugin GitSourceControl
LogPluginManager: Mounting plugin KDevelopSourceCodeAccess
LogPluginManager: Mounting plugin NullSourceCodeAccess
LogPluginManager: Mounting plugin PerforceSourceControl
LogPluginManager: Mounting plugin SubversionSourceControl
LogPluginManager: Mounting plugin UObjectPlugin
LogPluginManager: Mounting plugin VisualStudioCodeSourceCodeAccess
LogPluginManager: Mounting plugin VisualStudioSourceCodeAccess
LogPluginManager: Mounting plugin XCodeSourceCodeAccess
LogPluginManager: Mounting plugin AssetManagerEditor
LogPluginManager: Mounting plugin CryptoKeys
LogPluginManager: Mounting plugin DataValidation
LogPluginManager: Mounting plugin FacialAnimation
LogPluginManager: Mounting plugin GameplayTagsEditor
LogPluginManager: Mounting plugin MobileLauncherProfileWizard
LogPluginManager: Mounting plugin PluginBrowser
LogPluginManager: Mounting plugin SpeedTreeImporter
LogPluginManager: Mounting plugin DatasmithContent
LogPluginManager: Mounting plugin AlembicImporter
LogPluginManager: Mounting plugin CharacterAI
LogPluginManager: Mounting plugin HTML5Networking
LogPluginManager: Mounting plugin AndroidMedia
LogPluginManager: Mounting plugin AvfMedia
LogPluginManager: Mounting plugin ImgMedia
LogPluginManager: Mounting plugin LinearTimecode
LogPluginManager: Mounting plugin MediaCompositing
LogPluginManager: Mounting plugin MediaPlayerEditor
LogPluginManager: Mounting plugin WmfMedia
LogPluginManager: Mounting plugin TcpMessaging
LogPluginManager: Mounting plugin UdpMessaging
LogPluginManager: Mounting plugin ActorSequence
LogPluginManager: Mounting plugin LevelSequenceEditor
LogPluginManager: Mounting plugin MatineeToLevelSequence
LogPluginManager: Mounting plugin NetcodeUnitTest
LogPluginManager: Mounting plugin NUTUnrealEngine4
LogPluginManager: Mounting plugin OnlineSubsystemGooglePlay
LogPluginManager: Mounting plugin OnlineSubsystemIOS
LogPluginManager: Mounting plugin OnlineSubsystem
LogPluginManager: Mounting plugin OnlineSubsystemNull
LogPluginManager: Mounting plugin OnlineSubsystemUtils
LogPluginManager: Mounting plugin AndroidDeviceProfileSelector
LogPluginManager: Mounting plugin AndroidMoviePlayer
LogPluginManager: Mounting plugin AndroidPermission
LogPluginManager: Mounting plugin AppleARKit
LogPluginManager: Mounting plugin AppleMoviePlayer
LogPluginManager: Mounting plugin ArchVisCharacter
LogPluginManager: Mounting plugin AudioCapture
LogPluginManager: Mounting plugin CableComponent
LogPluginManager: Mounting plugin CustomMeshComponent
LogPluginManager: Mounting plugin ExampleDeviceProfileSelector
LogPluginManager: Mounting plugin GoogleCloudMessaging
LogPluginManager: Mounting plugin ImmediatePhysics
LogPluginManager: Mounting plugin IOSDeviceProfileSelector
LogPluginManager: Mounting plugin LinuxDeviceProfileSelector
LogPluginManager: Mounting plugin LocationServicesBPLibrary
LogPluginManager: Mounting plugin MobilePatchingUtils
LogPluginManager: Mounting plugin OculusVR
LogPluginManager: Plugin shader directory ../../../Engine/Plugins/Runtime/Oculus/OculusVR/Shaders found
LogPluginManager: Mapping shader source directory ../../../Engine/Plugins/Runtime/Oculus/OculusVR/Shaders to virtual directory /Plugin/OculusVR
LogPluginManager: Mounting plugin PhysXVehicles
LogPluginManager: Mounting plugin ProceduralMeshComponent
LogPluginManager: Mounting plugin RuntimePhysXCooking
LogPluginManager: Mounting plugin SteamVR
LogPluginManager: Mounting plugin WindowsMoviePlayer
LogPluginManager: Mounting plugin OpenCV410
LogStreaming: Display: Took  0.159s to configure plugins.
LogModuleManager: Display: Found up-to-date module file D:/Unreal_Project/4.19.2/spherical-fps/SphericalFPS/Binaries/Win64/UE4Editor-SphericalFPS.dll (API version 3944462).
LogModuleManager: Display: Found up-to-date module file ../../../Engine/Plugins/2D/Paper2D/Binaries/Win64/UE4Editor-Paper2D.dll (API version 3944462).
LogModuleManager: Display: Found up-to-date module file ../../../Engine/Plugins/2D/Paper2D/Binaries/Win64/UE4Editor-Paper2DEditor.dll (API version 3944462).
LogModuleManager: Display: Found up-to-date module file ../../../Engine/Plugins/2D/Paper2D/Binaries/Win64/UE4Editor-PaperSpriteSheetImporter.dll (API version 3944462).
LogModuleManager: Display: Found up-to-date module file ../../../Engine/Plugins/2D/Paper2D/Binaries/Win64/UE4Editor-PaperTiledImporter.dll (API version 3944462).
LogModuleManager: Display: Found up-to-date module file ../../../Engine/Plugins/2D/Paper2D/Binaries/Win64/UE4Editor-SmartSnapping.dll (API version 3944462).
LogModuleManager: Display: Found up-to-date module file ../../../Engine/Plugins/Animation/LiveLink/Binaries/Win64/UE4Editor-LiveLink.dll (API version 3944462).
LogModuleManager: Display: Found up-to-date module file ../../../Engine/Plugins/Animation/LiveLink/Binaries/Win64/UE4Editor-LiveLinkEditor.dll (API version 3944462).
LogModuleManager: Display: Found up-to-date module file ../../../Engine/Plugins/Blendables/LightPropagationVolume/Binaries/Win64/UE4Editor-LightPropagationVolumeRuntime.dll (API version 3944462).
LogModuleManager: Display: Found up-to-date module file ../../../Engine/Plugins/Blendables/LightPropagationVolume/Binaries/Win64/UE4Editor-LightPropagationVolumeEditor.dll (API version 3944462).
LogModuleManager: Display: Found up-to-date module file ../../../Engine/Plugins/Developer/CLionSourceCodeAccess/Binaries/Win64/UE4Editor-CLionSourceCodeAccess.dll (API version 3944462).
LogModuleManager: Display: Found up-to-date module file ../../../Engine/Plugins/Developer/GitSourceControl/Binaries/Win64/UE4Editor-GitSourceControl.dll (API version 3944462).
LogModuleManager: Display: Found up-to-date module file ../../../Engine/Plugins/Developer/PerforceSourceControl/Binaries/Win64/UE4Editor-PerforceSourceControl.dll (API version 3944462).
LogModuleManager: Display: Found up-to-date module file ../../../Engine/Plugins/Developer/SubversionSourceControl/Binaries/Win64/UE4Editor-SubversionSourceControl.dll (API version 3944462).
LogModuleManager: Display: Found up-to-date module file ../../../Engine/Plugins/Developer/UObjectPlugin/Binaries/Win64/UE4Editor-UObjectPlugin.dll (API version 3944462).
LogModuleManager: Display: Found up-to-date module file ../../../Engine/Plugins/Developer/VisualStudioCodeSourceCodeAccess/Binaries/Win64/UE4Editor-VisualStudioCodeSourceCodeAccess.dll (API version 3944462).
LogModuleManager: Display: Found up-to-date module file ../../../Engine/Plugins/Developer/VisualStudioSourceCodeAccess/Binaries/Win64/UE4Editor-VisualStudioSourceCodeAccess.dll (API version 3944462).
LogModuleManager: Display: Found up-to-date module file ../../../Engine/Plugins/Editor/AssetManagerEditor/Binaries/Win64/UE4Editor-AssetManagerEditor.dll (API version 3944462).
LogModuleManager: Display: Found up-to-date module file ../../../Engine/Plugins/Editor/CryptoKeys/Binaries/Win64/UE4Editor-CryptoKeys.dll (API version 3944462).
LogModuleManager: Display: Found up-to-date module file ../../../Engine/Plugins/Editor/CryptoKeys/Binaries/Win64/UE4Editor-CryptoKeysOpenSSL.dll (API version 3944462).
LogModuleManager: Display: Found up-to-date module file ../../../Engine/Plugins/Editor/DataValidation/Binaries/Win64/UE4Editor-DataValidation.dll (API version 3944462).
LogModuleManager: Display: Found up-to-date module file ../../../Engine/Plugins/Editor/FacialAnimation/Binaries/Win64/UE4Editor-FacialAnimation.dll (API version 3944462).
LogModuleManager: Display: Found up-to-date module file ../../../Engine/Plugins/Editor/FacialAnimation/Binaries/Win64/UE4Editor-FacialAnimationEditor.dll (API version 3944462).
LogModuleManager: Display: Found up-to-date module file ../../../Engine/Plugins/Editor/GameplayTagsEditor/Binaries/Win64/UE4Editor-GameplayTagsEditor.dll (API version 3944462).
LogModuleManager: Display: Found up-to-date module file ../../../Engine/Plugins/Editor/MobileLauncherProfileWizard/Binaries/Win64/UE4Editor-MobileLauncherProfileWizard.dll (API version 3944462).
LogModuleManager: Display: Found up-to-date module file ../../../Engine/Plugins/Editor/PluginBrowser/Binaries/Win64/UE4Editor-PluginBrowser.dll (API version 3944462).
LogModuleManager: Display: Found up-to-date module file ../../../Engine/Plugins/Editor/SpeedTreeImporter/Binaries/Win64/UE4Editor-SpeedTreeImporter.dll (API version 3944462).
LogModuleManager: Display: Found up-to-date module file ../../../Engine/Plugins/Enterprise/DatasmithContent/Binaries/Win64/UE4Editor-DatasmithContent.dll (API version 3944462).
LogModuleManager: Display: Found up-to-date module file ../../../Engine/Plugins/Experimental/AlembicImporter/Binaries/Win64/UE4Editor-AlembicImporter.dll (API version 3944462).
LogModuleManager: Display: Found up-to-date module file ../../../Engine/Plugins/Experimental/AlembicImporter/Binaries/Win64/UE4Editor-AlembicLibrary.dll (API version 3944462).
LogModuleManager: Display: Found up-to-date module file ../../../Engine/Plugins/Experimental/CharacterAI/Binaries/Win64/UE4Editor-CharacterAI.dll (API version 3944462).
LogModuleManager: Display: Found up-to-date module file ../../../Engine/Plugins/Experimental/HTML5Networking/Binaries/Win64/UE4Editor-HTML5Networking.dll (API version 3944462).
LogModuleManager: Display: Found up-to-date module file ../../../Engine/Plugins/Media/AndroidMedia/Binaries/Win64/UE4Editor-AndroidMediaEditor.dll (API version 3944462).
LogModuleManager: Display: Found up-to-date module file ../../../Engine/Plugins/Media/AndroidMedia/Binaries/Win64/UE4Editor-AndroidMediaFactory.dll (API version 3944462).
LogModuleManager: Display: Found up-to-date module file ../../../Engine/Plugins/Media/AvfMedia/Binaries/Win64/UE4Editor-AvfMediaEditor.dll (API version 3944462).
LogModuleManager: Display: Found up-to-date module file ../../../Engine/Plugins/Media/AvfMedia/Binaries/Win64/UE4Editor-AvfMediaFactory.dll (API version 3944462).
LogModuleManager: Display: Found up-to-date module file ../../../Engine/Plugins/Media/AvfMedia/Binaries/Win64/UE4Editor-AvfMediaFactory.dll (API version 3944462).
LogModuleManager: Display: Found up-to-date module file ../../../Engine/Plugins/Media/ImgMedia/Binaries/Win64/UE4Editor-ImgMedia.dll (API version 3944462).
LogModuleManager: Display: Found up-to-date module file ../../../Engine/Plugins/Media/ImgMedia/Binaries/Win64/UE4Editor-ImgMediaEditor.dll (API version 3944462).
LogModuleManager: Display: Found up-to-date module file ../../../Engine/Plugins/Media/ImgMedia/Binaries/Win64/UE4Editor-ImgMediaFactory.dll (API version 3944462).
LogModuleManager: Display: Found up-to-date module file ../../../Engine/Plugins/Media/ImgMedia/Binaries/Win64/UE4Editor-ImgMediaFactory.dll (API version 3944462).
LogModuleManager: Display: Found up-to-date module file ../../../Engine/Plugins/Media/ImgMedia/Binaries/Win64/UE4Editor-OpenExrWrapper.dll (API version 3944462).
LogModuleManager: Display: Found up-to-date module file ../../../Engine/Plugins/Media/LinearTimecode/Binaries/Win64/UE4Editor-LinearTimecode.dll (API version 3944462).
LogModuleManager: Display: Found up-to-date module file ../../../Engine/Plugins/Media/MediaCompositing/Binaries/Win64/UE4Editor-MediaCompositing.dll (API version 3944462).
LogModuleManager: Display: Found up-to-date module file ../../../Engine/Plugins/Media/MediaCompositing/Binaries/Win64/UE4Editor-MediaCompositingEditor.dll (API version 3944462).
LogModuleManager: Display: Found up-to-date module file ../../../Engine/Plugins/Media/MediaPlayerEditor/Binaries/Win64/UE4Editor-MediaPlayerEditor.dll (API version 3944462).
LogModuleManager: Display: Found up-to-date module file ../../../Engine/Plugins/Media/WmfMedia/Binaries/Win64/UE4Editor-WmfMedia.dll (API version 3944462).
LogModuleManager: Display: Found up-to-date module file ../../../Engine/Plugins/Media/WmfMedia/Binaries/Win64/UE4Editor-WmfMediaEditor.dll (API version 3944462).
LogModuleManager: Display: Found up-to-date module file ../../../Engine/Plugins/Media/WmfMedia/Binaries/Win64/UE4Editor-WmfMediaFactory.dll (API version 3944462).
LogModuleManager: Display: Found up-to-date module file ../../../Engine/Plugins/Media/WmfMedia/Binaries/Win64/UE4Editor-WmfMediaFactory.dll (API version 3944462).
LogModuleManager: Display: Found up-to-date module file ../../../Engine/Plugins/Messaging/TcpMessaging/Binaries/Win64/UE4Editor-TcpMessaging.dll (API version 3944462).
LogModuleManager: Display: Found up-to-date module file ../../../Engine/Plugins/Messaging/UdpMessaging/Binaries/Win64/UE4Editor-UdpMessaging.dll (API version 3944462).
LogModuleManager: Display: Found up-to-date module file ../../../Engine/Plugins/MovieScene/ActorSequence/Binaries/Win64/UE4Editor-ActorSequence.dll (API version 3944462).
LogModuleManager: Display: Found up-to-date module file ../../../Engine/Plugins/MovieScene/LevelSequenceEditor/Binaries/Win64/UE4Editor-LevelSequenceEditor.dll (API version 3944462).
LogModuleManager: Display: Found up-to-date module file ../../../Engine/Plugins/MovieScene/MatineeToLevelSequence/Binaries/Win64/UE4Editor-MatineeToLevelSequence.dll (API version 3944462).
LogModuleManager: Display: Found up-to-date module file ../../../Engine/Plugins/NetcodeUnitTest/NetcodeUnitTest/Binaries/Win64/UE4Editor-NetcodeUnitTest.dll (API version 3944462).
LogModuleManager: Display: Found up-to-date module file ../../../Engine/Plugins/NetcodeUnitTest/NUTUnrealEngine4/Binaries/Win64/UE4Editor-NUTUnrealEngine4.dll (API version 3944462).
LogModuleManager: Display: Found up-to-date module file ../../../Engine/Plugins/Online/OnlineSubsystem/Binaries/Win64/UE4Editor-OnlineSubsystem.dll (API version 3944462).
LogModuleManager: Display: Found up-to-date module file ../../../Engine/Plugins/Online/OnlineSubsystemNull/Binaries/Win64/UE4Editor-OnlineSubsystemNull.dll (API version 3944462).
LogModuleManager: Display: Found up-to-date module file ../../../Engine/Plugins/Online/OnlineSubsystemUtils/Binaries/Win64/UE4Editor-OnlineSubsystemUtils.dll (API version 3944462).
LogModuleManager: Display: Found up-to-date module file ../../../Engine/Plugins/Online/OnlineSubsystemUtils/Binaries/Win64/UE4Editor-OnlineBlueprintSupport.dll (API version 3944462).
LogModuleManager: Display: Found up-to-date module file ../../../Engine/Plugins/Runtime/AndroidDeviceProfileSelector/Binaries/Win64/UE4Editor-AndroidDeviceProfileSelector.dll (API version 3944462).
LogModuleManager: Display: Found up-to-date module file ../../../Engine/Plugins/Runtime/AndroidPermission/Binaries/Win64/UE4Editor-AndroidPermission.dll (API version 3944462).
LogModuleManager: Display: Found up-to-date module file ../../../Engine/Plugins/Runtime/AppleARKit/Binaries/Win64/UE4Editor-AppleARKit.dll (API version 3944462).
LogModuleManager: Display: Found up-to-date module file ../../../Engine/Plugins/Runtime/ArchVisCharacter/Binaries/Win64/UE4Editor-ArchVisCharacter.dll (API version 3944462).
LogModuleManager: Display: Found up-to-date module file ../../../Engine/Plugins/Runtime/AudioCapture/Binaries/Win64/UE4Editor-AudioCapture.dll (API version 3944462).
LogModuleManager: Display: Found up-to-date module file ../../../Engine/Plugins/Runtime/AudioCapture/Binaries/Win64/UE4Editor-AudioCaptureEditor.dll (API version 3944462).
LogModuleManager: Display: Found up-to-date module file ../../../Engine/Plugins/Runtime/CableComponent/Binaries/Win64/UE4Editor-CableComponent.dll (API version 3944462).
LogModuleManager: Display: Found up-to-date module file ../../../Engine/Plugins/Runtime/CustomMeshComponent/Binaries/Win64/UE4Editor-CustomMeshComponent.dll (API version 3944462).
LogModuleManager: Display: Found up-to-date module file ../../../Engine/Plugins/Runtime/ExampleDeviceProfileSelector/Binaries/Win64/UE4Editor-ExampleDeviceProfileSelector.dll (API version 3944462).
LogModuleManager: Display: Found up-to-date module file ../../../Engine/Plugins/Runtime/ImmediatePhysics/Binaries/Win64/UE4Editor-ImmediatePhysics.dll (API version 3944462).
LogModuleManager: Display: Found up-to-date module file ../../../Engine/Plugins/Runtime/ImmediatePhysics/Binaries/Win64/UE4Editor-ImmediatePhysicsEditor.dll (API version 3944462).
LogModuleManager: Display: Found up-to-date module file ../../../Engine/Plugins/Runtime/LocationServicesBPLibrary/Binaries/Win64/UE4Editor-LocationServicesBPLibrary.dll (API version 3944462).
LogModuleManager: Display: Found up-to-date module file ../../../Engine/Plugins/Runtime/MobilePatchingUtils/Binaries/Win64/UE4Editor-MobilePatchingUtils.dll (API version 3944462).
LogModuleManager: Display: Found up-to-date module file ../../../Engine/Plugins/Runtime/Oculus/OculusVR/Binaries/Win64/UE4Editor-OculusHMD.dll (API version 3944462).
LogModuleManager: Display: Found up-to-date module file ../../../Engine/Plugins/Runtime/Oculus/OculusVR/Binaries/Win64/UE4Editor-OculusInput.dll (API version 3944462).
LogModuleManager: Display: Found up-to-date module file ../../../Engine/Plugins/Runtime/Oculus/OculusVR/Binaries/Win64/UE4Editor-OculusEditor.dll (API version 3944462).
LogModuleManager: Display: Found up-to-date module file ../../../Engine/Plugins/Runtime/PhysXVehicles/Binaries/Win64/UE4Editor-PhysXVehicles.dll (API version 3944462).
LogModuleManager: Display: Found up-to-date module file ../../../Engine/Plugins/Runtime/PhysXVehicles/Binaries/Win64/UE4Editor-PhysXVehiclesEditor.dll (API version 3944462).
LogModuleManager: Display: Found up-to-date module file ../../../Engine/Plugins/Runtime/ProceduralMeshComponent/Binaries/Win64/UE4Editor-ProceduralMeshComponent.dll (API version 3944462).
LogModuleManager: Display: Found up-to-date module file ../../../Engine/Plugins/Runtime/ProceduralMeshComponent/Binaries/Win64/UE4Editor-ProceduralMeshComponentEditor.dll (API version 3944462).
LogModuleManager: Display: Found up-to-date module file ../../../Engine/Plugins/Runtime/RuntimePhysXCooking/Binaries/Win64/UE4Editor-RuntimePhysXCooking.dll (API version 3944462).
LogModuleManager: Display: Found up-to-date module file ../../../Engine/Plugins/Runtime/Steam/SteamVR/Binaries/Win64/UE4Editor-SteamVR.dll (API version 3944462).
LogModuleManager: Display: Found up-to-date module file ../../../Engine/Plugins/Runtime/Steam/SteamVR/Binaries/Win64/UE4Editor-SteamVRController.dll (API version 3944462).
LogModuleManager: Display: Found up-to-date module file ../../../Engine/Plugins/Runtime/WindowsMoviePlayer/Binaries/Win64/UE4Editor-WindowsMoviePlayer.dll (API version 3944462).
LogModuleManager: Display: Found up-to-date module file D:/Unreal_Project/4.19.2/spherical-fps/SphericalFPS/Plugins/OpenCV410/Binaries/Win64/UE4Editor-OpenCV410.dll (API version 3944462).
LogInit: Using libcurl 7.47.1
LogInit:  - built for x86_64-pc-win32
LogInit:  - supports SSL with OpenSSL/1.0.2g
LogInit:  - supports HTTP deflate (compression) using libz 1.2.8
LogInit:  - other features:
LogInit:      CURL_VERSION_SSL
LogInit:      CURL_VERSION_LIBZ
LogInit:      CURL_VERSION_IPV6
LogInit:      CURL_VERSION_ASYNCHDNS
LogInit:      CURL_VERSION_LARGEFILE
LogInit:      CURL_VERSION_IDN
LogInit:  CurlRequestOptions (configurable via config and command line):
LogInit:  - bVerifyPeer = false  - Libcurl will NOT verify peer certificate
LogInit:  - bUseHttpProxy = false  - Libcurl will NOT use HTTP proxy
LogInit:  - bDontReuseConnections = false  - Libcurl will reuse connections
LogInit:  - CertBundlePath = nullptr  - Libcurl will use whatever was configured at build time.
LogInit:  - MaxHostConnections = 16  - Libcurl will limit the number of connections to a host
LogInit:  - LocalHostAddr = Default
LogInit: WinSock: version 1.1 (2.2), MaxSocks=32767, MaxUdp=65467
LogInit: WinSock: I am DESKTOP-5SHH7PE (10.80.76.130:0)
LogInit: Build: ++UE4+Release-4.19-CL-4033788
LogInit: Engine Version: 4.19.2-4033788+++UE4+Release-4.19
LogInit: Compatible Engine Version: 4.19.0-3944462+++UE4+Release-4.19
LogInit: Net CL: 3944462
LogDevObjectVersion: Number of dev versions registered: 18
LogDevObjectVersion:   Dev-Blueprints (B0D832E4-1F89-4F0D-ACCF-7EB736FD4AA2): 10
LogDevObjectVersion:   Dev-Build (E1C64328-A22C-4D53-A36C-8E866417BD8C): 0
LogDevObjectVersion:   Dev-Core (375EC13C-06E4-48FB-B500-84F0262A717E): 2
LogDevObjectVersion:   Dev-Editor (E4B068ED-F494-42E9-A231-DA0B2E46BB41): 23
LogDevObjectVersion:   Dev-Framework (CFFC743F-43B0-4480-9391-14DF171D2073): 33
LogDevObjectVersion:   Dev-Mobile (B02B49B5-BB20-44E9-A304-32B752E40360): 2
LogDevObjectVersion:   Dev-Networking (A4E4105C-59A1-49B5-A7C5-40C4547EDFEE): 0
LogDevObjectVersion:   Dev-Online (39C831C9-5AE6-47DC-9A44-9C173E1C8E7C): 0
LogDevObjectVersion:   Dev-Physics (78F01B33-EBEA-4F98-B9B4-84EACCB95AA2): 0
LogDevObjectVersion:   Dev-Platform (6631380F-2D4D-43E0-8009-CF276956A95A): 0
LogDevObjectVersion:   Dev-Rendering (12F88B9F-8875-4AFC-A67C-D90C383ABD29): 25
LogDevObjectVersion:   Dev-Sequencer (7B5AE74C-D270-4C10-A958-57980B212A5A): 6
LogDevObjectVersion:   Dev-VR (D7296918-1DD6-4BDD-9DE2-64A83CC13884): 1
LogDevObjectVersion:   Dev-LoadTimes (C2A15278-BFE7-4AFE-6C17-90FF531DF755): 1
LogDevObjectVersion:   Private-Geometry (6EACA3D4-40EC-4CC1-B786-8BED09428FC5): 2
LogDevObjectVersion:   Dev-AnimPhys (29E575DD-E0A3-4627-9D10-D276232CDCEA): 16
LogDevObjectVersion:   Dev-ReflectionCapture (6B266CEC-1EC7-4B8F-A30B-E4D90942FC07): 1
LogDevObjectVersion:   Dev-Automation (0DF73D61-A23F-47EA-B727-89E90C41499A): 1
LogInit: Compiled (64-bit): Apr 27 2018 02:06:57
LogInit: Compiled with Visual C++: 19.00.24215.01
LogInit: Build Configuration: Development
LogInit: Branch Name: ++UE4+Release-4.19
LogInit: Command Line:  
LogInit: Base Directory: C:/Program Files/Epic Games/UE_4.19/Engine/Binaries/Win64/
LogInit: Installed Engine Build: 1
LogStreaming: Display: Took  0.002s to delete old logs.
LogInit: Presizing for max 8388607 objects, including 0 objects not considered by GC, pre-allocating 0 bytes for permanent pool.
LogInit: Object subsystem initialized
[2020.12.22-11.11.15:449][  0]LogInit: Selected Device Profile: [Windows]
[2020.12.22-11.11.15:449][  0]LogInit: Applying CVar settings loaded from the selected device profile: [Windows]
[2020.12.22-11.11.15:466][  0]LogInit: Computer: DESKTOP-5SHH7PE
[2020.12.22-11.11.15:466][  0]LogInit: User: KISIK
[2020.12.22-11.11.15:466][  0]LogInit: CPU Page size=4096, Cores=4
[2020.12.22-11.11.15:466][  0]LogInit: High frequency timer resolution =10.000000 MHz
[2020.12.22-11.11.15:466][  0]LogMemory: Memory total: Physical=31.9GB (32GB approx)
[2020.12.22-11.11.15:466][  0]LogMemory: Platform Memory Stats for Windows
[2020.12.22-11.11.15:466][  0]LogMemory: Process Physical Memory: 276.88 MB used, 276.89 MB peak
[2020.12.22-11.11.15:466][  0]LogMemory: Process Virtual Memory: 264.64 MB used, 264.64 MB peak
[2020.12.22-11.11.15:466][  0]LogMemory: Physical Memory: 7969.75 MB used,  24734.62 MB free, 32704.37 MB total
[2020.12.22-11.11.15:466][  0]LogMemory: Virtual Memory: 4778.95 MB used,  24734.62 MB free, 134217728.00 MB total
[2020.12.22-11.11.15:602][  0]LogInit: Using OS detected language (ko-KR).
[2020.12.22-11.11.15:602][  0]LogInit: Using OS detected locale (ko-KR).
[2020.12.22-11.11.15:621][  0]LogTextLocalizationManager: No specific localization for 'ko-KR' exists, so the 'ko' localization will be used.
[2020.12.22-11.11.16:048][  0]LogStreaming: Display: Took  0.447s to EndInitTextLocalization.
[2020.12.22-11.11.16:049][  0]LogInit: Setting process to per monitor DPI aware
[2020.12.22-11.11.16:180][  0]LogSlate: New Slate User Created.  User Index 0, Is Virtual User: 0
[2020.12.22-11.11.16:180][  0]LogSlate: Slate User Registered.  User Index 0, Is Virtual User: 0
[2020.12.22-11.11.16:921][  0]LogD3D11RHI: D3D11 adapters:
[2020.12.22-11.11.17:319][  0]LogD3D11RHI:    0. 'NVIDIA GeForce GTX 970' (Feature Level 11_0)
[2020.12.22-11.11.17:319][  0]LogD3D11RHI:       4043/0/16352 MB DedicatedVideo/DedicatedSystem/SharedSystem, Outputs:3, VendorId:0x10de
[2020.12.22-11.11.17:323][  0]LogD3D11RHI:    1. 'Microsoft Basic Render Driver' (Feature Level 11_0)
[2020.12.22-11.11.17:323][  0]LogD3D11RHI:       0/0/16352 MB DedicatedVideo/DedicatedSystem/SharedSystem, Outputs:0, VendorId:0x1414
[2020.12.22-11.11.17:323][  0]LogD3D11RHI: Chosen D3D11 Adapter: 0
[2020.12.22-11.11.17:331][  0]LogD3D11RHI: Creating new Direct3DDevice
[2020.12.22-11.11.17:331][  0]LogD3D11RHI:     GPU DeviceId: 0x13c2 (for the marketing name, search the web for "GPU Device Id")
[2020.12.22-11.11.17:331][  0]LogWindows: EnumDisplayDevices:
[2020.12.22-11.11.17:332][  0]LogWindows:    0. 'NVIDIA GeForce GTX 970' (P:0 D:1)
[2020.12.22-11.11.17:333][  0]LogWindows:    1. 'NVIDIA GeForce GTX 970' (P:1 D:1)
[2020.12.22-11.11.17:334][  0]LogWindows:    2. 'NVIDIA GeForce GTX 970' (P:0 D:1)
[2020.12.22-11.11.17:334][  0]LogWindows:    3. 'NVIDIA GeForce GTX 970' (P:0 D:0)
[2020.12.22-11.11.17:335][  0]LogWindows: DebugString: GetVideoDriverDetailsInvalid PrimaryIsNotTheChoosenAdapter GetVideoDriverDetailsInvalid PrimaryIsNotTheChoosenAdapter GetVideoDriverDetailsInvalid PrimaryIsNotTheChoosenAdapter GetVideoDriverDetailsInvalid PrimaryIsNotTheChoosenAdapter FoundDriverCount:0 
[2020.12.22-11.11.17:335][  0]LogD3D11RHI:     Adapter Name: NVIDIA GeForce GTX 970
[2020.12.22-11.11.17:335][  0]LogD3D11RHI:   Driver Version: Unknown (internal:Unknown, unified:Unknown)
[2020.12.22-11.11.17:335][  0]LogD3D11RHI:      Driver Date: Unknown
[2020.12.22-11.11.17:335][  0]LogRHI: Texture pool is 2830 MB (70% of 4043 MB)
[2020.12.22-11.11.17:392][  0]LogD3D11RHI: [Aftermath] Aftermath enabled and primed
[2020.12.22-11.11.17:392][  0]LogD3D11RHI: [Aftermath] Aftermath enabled and primed
[2020.12.22-11.11.17:392][  0]LogD3D11RHI: Async texture creation enabled
[2020.12.22-11.11.17:408][  0]LogD3D11RHI: GPU Timing Frequency: 1000.000000 (Debug: 2 1)
[2020.12.22-11.11.17:481][  0]LogShaderCompilers: Guid format shader working directory is -6 characters bigger than the processId version (D:/Unreal_Project/4.19.2/spherical-fps/SphericalFPS/Intermediate/Shaders/WorkingDirectory/22312/).
[2020.12.22-11.11.17:482][  0]LogShaderCompilers: Cleaned the shader compiler working directory 'C:/Users/KISIK/AppData/Local/Temp/UnrealShaderWorkingDir/16C1A39348DB2C20FD238BBE2529B561/'.
[2020.12.22-11.11.18:005][  0]LogTemp: Display: Loaded TP AllDesktopTargetPlatform
[2020.12.22-11.11.18:022][  0]LogTemp: Display: Loaded TP MacClientTargetPlatform
[2020.12.22-11.11.18:039][  0]LogTemp: Display: Loaded TP MacNoEditorTargetPlatform
[2020.12.22-11.11.18:056][  0]LogTemp: Display: Loaded TP MacServerTargetPlatform
[2020.12.22-11.11.18:077][  0]LogTemp: Display: Loaded TP MacTargetPlatform
[2020.12.22-11.11.18:094][  0]LogTemp: Display: Loaded TP WindowsClientTargetPlatform
[2020.12.22-11.11.18:110][  0]LogTemp: Display: Loaded TP WindowsNoEditorTargetPlatform
[2020.12.22-11.11.18:127][  0]LogTemp: Display: Loaded TP WindowsServerTargetPlatform
[2020.12.22-11.11.18:136][  0]LogTemp: Display: Loaded TP WindowsTargetPlatform
[2020.12.22-11.11.18:152][  0]LogTemp: Display: Loaded TP Android_ASTCTargetPlatform
[2020.12.22-11.11.18:167][  0]LogTemp: Display: Loaded TP Android_ATCTargetPlatform
[2020.12.22-11.11.18:181][  0]LogTemp: Display: Loaded TP Android_DXTTargetPlatform
[2020.12.22-11.11.18:195][  0]LogTemp: Display: Loaded TP Android_ETC1aTargetPlatform
[2020.12.22-11.11.18:210][  0]LogTemp: Display: Loaded TP Android_ETC1TargetPlatform
[2020.12.22-11.11.18:224][  0]LogTemp: Display: Loaded TP Android_ETC2TargetPlatform
[2020.12.22-11.11.18:253][  0]LogTemp: Display: Loaded TP Android_MultiTargetPlatform
[2020.12.22-11.11.18:253][  0]LogTemp: Display: Loaded TP Android_PVRTCTargetPlatform
[2020.12.22-11.11.18:269][  0]LogTemp: Display: Loaded TP AndroidTargetPlatform
[2020.12.22-11.11.18:273][  0]LogTemp: Display: Loaded TP HTML5TargetPlatform
[2020.12.22-11.11.18:323][  0]LogTemp: Display: Loaded TP IOSTargetPlatform
[2020.12.22-11.11.18:335][  0]LogTemp: Display: Loaded TP TVOSTargetPlatform
[2020.12.22-11.11.18:349][  0]LogTemp: Display: Loaded TP LinuxClientTargetPlatform
[2020.12.22-11.11.18:363][  0]LogTemp: Display: Loaded TP LinuxNoEditorTargetPlatform
[2020.12.22-11.11.18:376][  0]LogTemp: Display: Loaded TP LinuxServerTargetPlatform
[2020.12.22-11.11.18:394][  0]LogTemp: Display: Loaded TP LinuxTargetPlatform
[2020.12.22-11.11.18:394][  0]LogTargetPlatformManager: Display: Building Assets For Windows
[2020.12.22-11.11.18:739][  0]LogXGEController: Cleaning working directory: C:/Users/KISIK/AppData/Local/Temp/UnrealXGEWorkingDir/
[2020.12.22-11.11.18:739][  0]LogXGEController: Cannot use XGE Controller as Incredibuild is not installed on this machine.
[2020.12.22-11.11.18:740][  0]LogShaderCompilers: Cannot use XGE Shader Compiler as Incredibuild is not installed on this machine.
[2020.12.22-11.11.18:740][  0]LogShaderCompilers: Display: Using Local Shader Compiler.
[2020.12.22-11.11.20:026][  0]LogDerivedDataCache: Display: Max Cache Size: 512 MB
[2020.12.22-11.11.20:344][  0]LogDerivedDataCache: Loaded boot cache 0.32s 84MB C:/Users/KISIK/AppData/Local/UnrealEngine/4.19/DerivedDataCache/Boot.ddc.
[2020.12.22-11.11.20:344][  0]LogDerivedDataCache: Display: Loaded Boot cache: C:/Users/KISIK/AppData/Local/UnrealEngine/4.19/DerivedDataCache/Boot.ddc
[2020.12.22-11.11.20:344][  0]LogDerivedDataCache: FDerivedDataBackendGraph:  Pak pak cache file D:/Unreal_Project/4.19.2/spherical-fps/SphericalFPS/DerivedDataCache/DDC.ddp not found, will not use a pak cache.
[2020.12.22-11.11.20:344][  0]LogDerivedDataCache: Unable to find inner node Pak for hierarchical cache Hierarchy.
[2020.12.22-11.11.20:344][  0]LogDerivedDataCache: FDerivedDataBackendGraph:  CompressedPak pak cache file D:/Unreal_Project/4.19.2/spherical-fps/SphericalFPS/DerivedDataCache/Compressed.ddp not found, will not use a pak cache.
[2020.12.22-11.11.20:344][  0]LogDerivedDataCache: Unable to find inner node CompressedPak for hierarchical cache Hierarchy.
[2020.12.22-11.11.20:364][  0]LogDerivedDataCache: Display: Pak cache opened for reading ../../../Engine/DerivedDataCache/Compressed.ddp.
[2020.12.22-11.11.20:378][  0]LogDerivedDataCache: Using Local data cache path C:/Users/KISIK/AppData/Local/UnrealEngine/Common/DerivedDataCache: Writable
[2020.12.22-11.11.20:378][  0]LogDerivedDataCache: Shared data cache path not found in *engine.ini, will not use an Shared cache.
[2020.12.22-11.11.20:378][  0]LogDerivedDataCache: Unable to find inner node Shared for hierarchical cache Hierarchy.
[2020.12.22-11.11.20:389][  0]LogMaterial: Verifying Global Shaders for PCD3D_SM5
[2020.12.22-11.11.20:393][  0]LogSlate: Using Freetype 2.6.0
[2020.12.22-11.11.20:400][  0]LogSlate: SlateFontCache - WITH_FREETYPE: 1, WITH_HARFBUZZ: 1
[2020.12.22-11.11.20:400][  0]LogSlate: SlateFontCache - WITH_FREETYPE: 1, WITH_HARFBUZZ: 1
[2020.12.22-11.11.24:054][  0]LogAssetRegistry: FAssetRegistry took 0.0288 seconds to start up
[2020.12.22-11.11.24:444][  0]LogInit: Selected Device Profile: [Windows]
[2020.12.22-11.11.24:895][  0]LogSimplygon: Simplygon DLL not present - disabling.
[2020.12.22-11.11.24:901][  0]LogMeshReduction: Using SimplygonSwarm for distributed automatic mesh merging
[2020.12.22-11.11.24:901][  0]LogMeshReduction: Using QuadricMeshReduction for automatic static mesh reduction
[2020.12.22-11.11.24:901][  0]LogMeshReduction: No automatic skeletal mesh reduction module available
[2020.12.22-11.11.24:901][  0]LogMeshReduction: No automatic mesh merging module available
[2020.12.22-11.11.24:901][  0]LogMeshMerging: No automatic mesh merging module available
[2020.12.22-11.11.24:975][  0]LogNetVersion: SphericalFPS , NetCL: 3944462, EngineNetVer: 2, GameNetVer: 0 (Checksum: 150958298)
[2020.12.22-11.11.25:651][  0]LogPackageLocalizationCache: Processed 10 localized package path(s) for 2 prioritized culture(s) in 0.076736 seconds
[2020.12.22-11.11.25:656][  0]LogUObjectArray: 36728 objects as part of root set at end of initial load.
[2020.12.22-11.11.25:656][  0]LogUObjectAllocator: 7314312 out of 0 bytes used by permanent object pool.
[2020.12.22-11.11.25:656][  0]LogUObjectArray: CloseDisregardForGC: 0/0 objects in disregard for GC pool
[2020.12.22-11.11.31:935][  0]LogTcpMessaging: Initializing TcpMessaging bridge
[2020.12.22-11.11.31:983][  0]LogUdpMessaging: Initializing bridge on interface 0.0.0.0:0 to multicast group 230.0.0.1:6666.
[2020.12.22-11.11.32:888][  0]SourceControl: 소스 콘트롤이 꺼졌습니다.
[2020.12.22-11.11.32:888][  0]SourceControl: 소스 콘트롤이 꺼졌습니다.
[2020.12.22-11.11.32:934][  0]SourceControl: 소스 콘트롤이 꺼졌습니다.
[2020.12.22-11.11.32:978][  0]SourceControl: 소스 콘트롤이 꺼졌습니다.
[2020.12.22-11.11.33:995][  0]LogAndroidPermission: UAndroidPermissionCallbackProxy::GetInstance
[2020.12.22-11.11.34:665][  0]LogOcInput: OculusInput pre-init called
[2020.12.22-11.11.34:925][  0]LogEngine: Initializing Engine...
[2020.12.22-11.11.34:929][  0]LogHMD: Failed to initialize OpenVR with code 110
[2020.12.22-11.11.34:931][  0]LogStats: UGameplayTagsManager::ConstructGameplayTagTree: Construct from data asset -  0.000 s
[2020.12.22-11.11.34:931][  0]LogStats: UGameplayTagsManager::ConstructGameplayTagTree: GameplayTagTreeChangedEvent.Broadcast -  0.000 s
[2020.12.22-11.11.35:210][  0]LogAIModule: Creating AISystem for world Untitled
[2020.12.22-11.11.35:433][  0]LogInit: XAudio2 using 'S27D850(3- NVIDIA High Definition Audio)' : 2 channels at 48 kHz using 16 bits per sample (channel mask 0x3)
[2020.12.22-11.11.35:642][  0]LogInit: FAudioDevice initialized.
[2020.12.22-11.11.35:733][  0]LogDerivedDataCache: Saved boot cache 0.09s 84MB C:/Users/KISIK/AppData/Local/UnrealEngine/4.19/DerivedDataCache/Boot.ddc.
[2020.12.22-11.11.35:750][  0]LogInit: Texture streaming: Enabled
[2020.12.22-11.11.35:787][  0]LogEngineSessionManager: EngineSessionManager initialized
[2020.12.22-11.11.35:808][  0]LogInit: Transaction tracking system initialized
[2020.12.22-11.11.35:855][  0]BlueprintLog: New page: 에디터 로드
[2020.12.22-11.11.36:005][  0]LocalizationService: 현지화 서비스가 비활성화되었습니다.
[2020.12.22-11.11.36:178][  0]LogConsoleResponse: Display: 
[2020.12.22-11.11.36:451][  0]LogCook: Display: Max memory allowance for cook 16384mb min free memory 0mb
[2020.12.22-11.11.36:451][  0]LogCook: Display: Mobile HDR setting 1
[2020.12.22-11.11.36:451][  0]LogGameplayTags: Display: UGameplayTagsManager::DoneAddingNativeTags. DelegateIsBound: 0
[2020.12.22-11.11.36:451][  0]LogStats: UGameplayTagsManager::ConstructGameplayTagTree: Construct from data asset -  0.000 s
[2020.12.22-11.11.36:451][  0]LogStats: UGameplayTagsManager::ConstructGameplayTagTree: GameplayTagTreeChangedEvent.Broadcast -  0.000 s
[2020.12.22-11.11.36:911][  0]LogFileCache: Scanning file cache for directory 'D:/Unreal_Project/4.19.2/spherical-fps/SphericalFPS/Content/' took 0.02s
[2020.12.22-11.11.37:270][  0]SourceControl: 소스 콘트롤이 꺼졌습니다.
[2020.12.22-11.11.37:270][  0]Cmd: MAP LOAD FILE="D:/Unreal_Project/4.19.2/spherical-fps/SphericalFPS/Content/Maps/Stage.umap" TEMPLATE=0 SHOWPROGRESS=1 FEATURELEVEL=3
[2020.12.22-11.11.37:271][  0]LightingResults: New page: 라이팅 빌드
[2020.12.22-11.11.37:277][  0]MapCheck: New page: 맵 체크
[2020.12.22-11.11.37:277][  0]LightingResults: New page: 라이팅 빌드
[2020.12.22-11.11.37:423][  0]LogUObjectGlobals: Created PersistentFrame Addr=0x0000021cab91abe0, Size=56, Default__BP_CubemapBillboard_C Function /Game/Blueprints/BP_CubemapBillboard.BP_CubemapBillboard_C:ExecuteUbergraph_BP_CubemapBillboard
[2020.12.22-11.11.37:428][  0]LogUObjectGlobals: Destroyed PersistentFrame Addr=0x0000021cab91abe0, Size=56
[2020.12.22-11.11.37:428][  0]LogUObjectGlobals: Created PersistentFrame Addr=0x0000021cab91abe0, Size=56, Default__BP_CubemapBillboard_C Function /Engine/Transient.REINST_BP_CubemapBillboard_C_5:ExecuteUbergraph_BP_CubemapBillboard
[2020.12.22-11.11.37:432][  0]LogUObjectGlobals: Created PersistentFrame Addr=0x0000021cab9199f0, Size=56, Default__BP_CubemapBillboard_C Function /Game/Blueprints/BP_CubemapBillboard.BP_CubemapBillboard_C:ExecuteUbergraph_BP_CubemapBillboard
[2020.12.22-11.11.37:450][  0]LogUObjectGlobals: Created PersistentFrame Addr=0x0000021cabe95040, Size=64, Default__Arms_AnimBP_C Function /Game/Animations/FPP/Arms_AnimBP.Arms_AnimBP_C:ExecuteUbergraph_Arms_AnimBP
[2020.12.22-11.11.37:457][  0]LogUObjectGlobals: Destroyed PersistentFrame Addr=0x0000021cabe95040, Size=64
[2020.12.22-11.11.37:457][  0]LogUObjectGlobals: Created PersistentFrame Addr=0x0000021cc67d6c80, Size=64, Default__Arms_AnimBP_C Function /Engine/Transient.REINST_Arms_AnimBP_C_0:ExecuteUbergraph_Arms_AnimBP
[2020.12.22-11.11.37:464][  0]LogUObjectGlobals: Created PersistentFrame Addr=0x0000021cc67d4500, Size=64, Default__Arms_AnimBP_C Function /Game/Animations/FPP/Arms_AnimBP.Arms_AnimBP_C:ExecuteUbergraph_Arms_AnimBP
[2020.12.22-11.11.37:517][  0]LogUObjectGlobals: Created PersistentFrame Addr=0x0000021cc67293a0, Size=160, Default__BP_FPSProjectile_C Function /Game/Blueprints/BP_FPSProjectile.BP_FPSProjectile_C:ExecuteUbergraph_BP_FPSProjectile
[2020.12.22-11.11.37:521][  0]LogUObjectGlobals: Destroyed PersistentFrame Addr=0x0000021cc67293a0, Size=160
[2020.12.22-11.11.37:521][  0]LogUObjectGlobals: Created PersistentFrame Addr=0x0000021cae82f2e0, Size=160, Default__BP_FPSProjectile_C Function /Engine/Transient.REINST_BP_FPSProjectile_C_8:ExecuteUbergraph_BP_FPSProjectile
[2020.12.22-11.11.37:523][  0]LogUObjectGlobals: Created PersistentFrame Addr=0x0000021cae82ea20, Size=160, Default__BP_FPSProjectile_C Function /Game/Blueprints/BP_FPSProjectile.BP_FPSProjectile_C:ExecuteUbergraph_BP_FPSProjectile
[2020.12.22-11.11.37:569][  0]LogUObjectGlobals: Created PersistentFrame Addr=0x0000021cc6789c10, Size=16, Default__BP_FPSCharacter_C Function /Game/Blueprints/BP_FPSCharacter.BP_FPSCharacter_C:ExecuteUbergraph_BP_FPSCharacter
[2020.12.22-11.11.37:571][  0]LogUObjectGlobals: Destroyed PersistentFrame Addr=0x0000021cc6789c10, Size=16
[2020.12.22-11.11.37:571][  0]LogUObjectGlobals: Created PersistentFrame Addr=0x0000021cc6789c10, Size=16, Default__BP_FPSCharacter_C Function /Engine/Transient.REINST_BP_FPSCharacter_C_10:ExecuteUbergraph_BP_FPSCharacter
[2020.12.22-11.11.37:572][  0]LogUObjectGlobals: Created PersistentFrame Addr=0x0000021cc6789bf0, Size=16, Default__BP_FPSCharacter_C Function /Game/Blueprints/BP_FPSCharacter.BP_FPSCharacter_C:ExecuteUbergraph_BP_FPSCharacter
[2020.12.22-11.11.37:589][  0]LogUObjectGlobals: Created PersistentFrame Addr=0x0000021cc674ce80, Size=32, Default__Stage_C Function /Game/Maps/Stage.Stage_C:ExecuteUbergraph_Stage
[2020.12.22-11.11.37:590][  0]LogUObjectGlobals: Destroyed PersistentFrame Addr=0x0000021cc674ce80, Size=32
[2020.12.22-11.11.37:590][  0]LogUObjectGlobals: Created PersistentFrame Addr=0x0000021cc674ce80, Size=32, Default__Stage_C Function /Engine/Transient.REINST_Stage_C_16:ExecuteUbergraph_Stage
[2020.12.22-11.11.37:591][  0]LogUObjectGlobals: Created PersistentFrame Addr=0x0000021cc674c580, Size=32, Default__Stage_C Function /Game/Maps/Stage.Stage_C:ExecuteUbergraph_Stage
[2020.12.22-11.11.37:739][  0]LogSkeletalMesh: Skeletal Mesh found in DDC [3.910500ms] /Game/Meshes/HeroFPP/HeroFPP.HeroFPP
[2020.12.22-11.11.37:753][  0]LogSkeletalMesh: Skeletal Mesh found in DDC [6.616800ms] /Game/Meshes/Gun/GunMesh.GunMesh
[2020.12.22-11.11.38:134][  0]LogAIModule: Creating AISystem for world Stage
[2020.12.22-11.11.38:144][  0]LogEditorServer: Finished looking for orphan Actors (0.000 secs)
[2020.12.22-11.11.38:156][  0]LogUObjectGlobals: Destroyed PersistentFrame Addr=0x0000021cab91abe0, Size=56
[2020.12.22-11.11.38:157][  0]LogUObjectGlobals: Destroyed PersistentFrame Addr=0x0000021cc67d6c80, Size=64
[2020.12.22-11.11.38:157][  0]LogUObjectGlobals: Destroyed PersistentFrame Addr=0x0000021cae82f2e0, Size=160
[2020.12.22-11.11.38:157][  0]LogUObjectGlobals: Destroyed PersistentFrame Addr=0x0000021cc6789c10, Size=16
[2020.12.22-11.11.38:157][  0]LogUObjectGlobals: Destroyed PersistentFrame Addr=0x0000021cc674ce80, Size=32
[2020.12.22-11.11.38:158][  0]Cmd: MAP CHECKDEP NOCLEARLOG
[2020.12.22-11.11.38:349][  0]MapCheck: 맵 체크 완료: 오류 0 회, 경고 0 회, 소요 시간 190.966ms.
[2020.12.22-11.11.38:349][  0]LogFileHelpers: Loading map 'Stage' took 1.079
[2020.12.22-11.11.38:565][  0]LogCollectionManager: Loaded 0 collections in 0.002795 seconds
[2020.12.22-11.11.38:624][  0]LogFileCache: Scanning file cache for directory 'D:/Unreal_Project/4.19.2/spherical-fps/SphericalFPS/Saved/Collections/' took 0.01s
[2020.12.22-11.11.38:624][  0]LogFileCache: Scanning file cache for directory 'D:/Unreal_Project/4.19.2/spherical-fps/SphericalFPS/Content/Developers/KISIK/Collections/' took 0.01s
[2020.12.22-11.11.38:624][  0]LogFileCache: Scanning file cache for directory 'D:/Unreal_Project/4.19.2/spherical-fps/SphericalFPS/Content/Collections/' took 0.01s
[2020.12.22-11.11.38:624][  0]LogCollectionManager: Rebuilt the GUID cache for 0 collections in 0.000000 seconds
[2020.12.22-11.11.38:634][  0]LogContentBrowser: Native class hierarchy populated in 0.0094 seconds. Added 2458 classes and 560 folders.
[2020.12.22-11.11.38:644][  0]LogContentBrowser: Native class hierarchy updated for 'WidgetCarousel' in 0.0007 seconds. Added 0 classes and 0 folders.
[2020.12.22-11.11.38:832][  0]LogContentBrowser: Native class hierarchy updated for 'AddContentDialog' in 0.0008 seconds. Added 0 classes and 0 folders.
[2020.12.22-11.11.38:842][  0]LogContentBrowser: Native class hierarchy updated for 'SceneOutliner' in 0.0007 seconds. Added 1 classes and 2 folders.
[2020.12.22-11.11.38:857][  0]LogContentBrowser: Native class hierarchy updated for 'WorldBrowser' in 0.0011 seconds. Added 2 classes and 3 folders.
[2020.12.22-11.11.38:890][  0]LogSlate: Took 0.003017 seconds to synchronously load lazily loaded font '../../../Engine/Content/Slate/Fonts/Roboto-Regular.ttf' (155K)
[2020.12.22-11.11.38:910][  0]LogSlate: Took 0.018413 seconds to synchronously load lazily loaded font '../../../Engine/Content/Editor/Slate/Fonts/NanumGothic.ttf' (4243K)
[2020.12.22-11.11.38:925][  0]LogSlate: Took 0.014511 seconds to synchronously load lazily loaded font '../../../Engine/Content/Editor/Slate/Fonts/NanumGothicBold.ttf' (4188K)
[2020.12.22-11.11.38:927][  0]LogSlate: Took 0.001843 seconds to synchronously load lazily loaded font '../../../Engine/Content/Slate/Fonts/Roboto-Bold.ttf' (160K)
[2020.12.22-11.11.38:934][  0]LogSlate: Took 0.002177 seconds to synchronously load lazily loaded font '../../../Engine/Content/Editor/Slate/Fonts/FontAwesome.ttf' (139K)
[2020.12.22-11.11.39:052][  0]LogRenderer: Reallocating scene render targets to support 944x624 Format 10 NumSamples 1 (Frame:1).
[2020.12.22-11.11.39:211][  0]LogContentBrowser: Native class hierarchy updated for 'HierarchicalLODOutliner' in 0.0009 seconds. Added 0 classes and 0 folders.
[2020.12.22-11.11.39:211][  0]LogLoad: (Engine Initialization) Total time: 28.83 seconds
[2020.12.22-11.11.39:211][  0]LogLoad: (Engine Initialization) Total Blueprint compile time: 0.00 seconds
[2020.12.22-11.11.39:243][  0]LogContentStreaming: Texture pool size now 1000 MB
[2020.12.22-11.11.39:282][  0]LogSlate: Took 0.003003 seconds to synchronously load lazily loaded font '../../../Engine/Content/Slate/Fonts/Roboto-Light.ttf' (167K)
[2020.12.22-11.11.39:357][  1]LogAssetRegistry: Asset discovery search completed in 15.3259 seconds
[2020.12.22-11.11.39:359][  1]LogCollectionManager: Rebuilt the object cache for 0 collections in 0.000000 seconds (found 0 objects)
[2020.12.22-11.11.39:359][  1]LogCollectionManager: Fixed up redirectors for 0 collections in 0.000072 seconds (updated 0 objects)
[2020.12.22-11.11.44:473][533]LogSlate: FSceneViewport::OnFocusLost() reason 0
[2020.12.22-11.11.45:632][663]LogTemp: Repeating last play command: 선택된 뷰포트
[2020.12.22-11.11.45:649][663]LogBlueprintUserMessages: Early PlayInEditor Detection: Level '/Game/Maps/Stage.Stage:PersistentLevel' has LevelScriptBlueprint '/Game/Maps/Stage.Stage:PersistentLevel.Stage' with GeneratedClass '/Game/Maps/Stage.Stage_C' with ClassGeneratedBy '/Game/Maps/Stage.Stage:PersistentLevel.Stage'
[2020.12.22-11.11.45:649][663]LogPlayLevel: PlayLevel: No blueprints needed recompiling
[2020.12.22-11.11.45:651][663]PIE: New page: PIE 세션: Stage (2020. 12. 23. 오전 5:11:45)
[2020.12.22-11.11.45:651][663]LogPlayLevel: Creating play world package: /Game/Maps/UEDPIE_0_Stage
[2020.12.22-11.11.45:654][663]LogPlayLevel: PIE: StaticDuplicateObject took: (0.003150s)
[2020.12.22-11.11.45:655][663]LogAIModule: Creating AISystem for world Stage
[2020.12.22-11.11.45:655][663]LogPlayLevel: PIE: World Init took: (0.000972s)
[2020.12.22-11.11.45:655][663]LogPlayLevel: PIE: Created PIE world by copying editor world from /Game/Maps/Stage.Stage to /Game/Maps/UEDPIE_0_Stage.Stage (0.004433s)
[2020.12.22-11.11.45:874][663]LogInit: XAudio2 using 'S27D850(3- NVIDIA High Definition Audio)' : 2 channels at 48 kHz using 16 bits per sample (channel mask 0x3)
[2020.12.22-11.11.45:932][663]LogInit: FAudioDevice initialized.
[2020.12.22-11.11.45:974][663]LogLoad: Game class is 'BP_GameMode_C'
[2020.12.22-11.11.45:976][663]LogWorld: Bringing World /Game/Maps/UEDPIE_0_Stage.Stage up for play (max tick rate 0) at 2020.12.22-20.11.45
[2020.12.22-11.11.45:976][663]LogWorld: Bringing up level for play took: 0.001106
[2020.12.22-11.11.45:982][663]LogContentBrowser: Native class hierarchy updated for 'MovieSceneCapture' in 0.0008 seconds. Added 11 classes and 0 folders.
[2020.12.22-11.11.46:250][663]SphericalFPS: Warning: MatImg Num : 16
[2020.12.22-11.11.46:253][663]SphericalFPS: Warning: histogram : 0.226034 0.058022 0.007568 0.103431 0.004541 0.006559 0.016650 0.139758
[2020.12.22-11.11.46:253][663]SphericalFPS: Warning: histogram : 0.124207 0.101706 0.001661 0.147916 0.002341 0.006418 0.002265 0.115373
[2020.12.22-11.11.46:253][663]SphericalFPS: Warning: histogram : 0.118924 0.108699 0.002568 0.146353 0.002859 0.005234 0.003005 0.119748
[2020.12.22-11.11.46:253][663]SphericalFPS: Warning: histogram : 0.126689 0.127107 0.010935 0.155314 0.009054 0.015740 0.010099 0.099248
[2020.12.22-11.11.46:253][663]SphericalFPS: Warning: histogram : 0.238322 0.072450 0.002383 0.141087 0.002860 0.003813 0.007626 0.117731
[2020.12.22-11.11.46:254][663]SphericalFPS: Warning: histogram : 0.106142 0.093884 0.009578 0.156258 0.004995 0.007408 0.007764 0.159156
[2020.12.22-11.11.46:254][663]SphericalFPS: Warning: histogram : 0.137155 0.077940 0.018172 0.082044 0.023618 0.019934 0.026801 0.182453
[2020.12.22-11.11.46:254][663]SphericalFPS: Warning: histogram : 0.169161 0.117423 0.006369 0.121819 0.008538 0.008510 0.009666 0.132978
[2020.12.22-11.11.46:254][663]SphericalFPS: Warning: histogram : 0.232628 0.018127 0.012085 0.052568 0.013293 0.033837 0.029003 0.169789
[2020.12.22-11.11.46:254][663]SphericalFPS: Warning: histogram : 0.118924 0.043876 0.001894 0.188052 0.001263 0.005524 0.002052 0.123895
[2020.12.22-11.11.46:254][663]SphericalFPS: Warning: histogram : 0.199756 0.029221 0.004106 0.055020 0.017527 0.005475 0.025620 0.242784
[2020.12.22-11.11.46:254][663]SphericalFPS: Warning: histogram : 0.110542 0.058575 0.001191 0.142806 0.002560 0.003929 0.003095 0.186023
[2020.12.22-11.11.46:254][663]SphericalFPS: Warning: histogram : 0.588274 0.066535 0.000659 0.042819 0.009223 0.003953 0.004611 0.084321
[2020.12.22-11.11.46:254][663]SphericalFPS: Warning: histogram : 0.420190 0.116517 0.002366 0.060076 0.004458 0.004732 0.004115 0.116723
[2020.12.22-11.11.46:254][663]SphericalFPS: Warning: histogram : 0.172012 0.124547 0.002119 0.124045 0.001171 0.002510 0.001339 0.117686
[2020.12.22-11.11.46:255][663]SphericalFPS: Warning: histogram : 0.149337 0.091617 0.006037 0.122252 0.005181 0.008444 0.006119 0.234591
[2020.12.22-11.11.46:460][663]PIE: /Game/Maps/UEDPIE_0_Stage 에 대한 에디터에서 플레이 시작 시간: 1.311
[2020.12.22-11.11.46:461][663]LogBlueprintUserMessages: Late PlayInEditor Detection: Level '/Game/Maps/Stage.Stage:PersistentLevel' has LevelScriptBlueprint '/Game/Maps/Stage.Stage:PersistentLevel.Stage' with GeneratedClass '/Game/Maps/Stage.Stage_C' with ClassGeneratedBy '/Game/Maps/Stage.Stage:PersistentLevel.Stage'
[2020.12.22-11.11.47:103][732]SphericalFPS: Warning: DepthVal = 143
[2020.12.22-11.11.47:103][732]SphericalFPS: Warning: pitch = 1.000000
[2020.12.22-11.11.47:523][780]SphericalFPS: Warning: DepthVal = 131
[2020.12.22-11.11.47:523][780]SphericalFPS: Warning: pitch = 1.000000
[2020.12.22-11.11.47:808][814]SphericalFPS: Warning: DepthVal = 7
[2020.12.22-11.11.47:809][814]SphericalFPS: Warning: pitch = 0.100000
[2020.12.22-11.11.48:092][848]SphericalFPS: Warning: DepthVal = 0
[2020.12.22-11.11.48:092][848]SphericalFPS: Warning: pitch = 0.100000
[2020.12.22-11.11.48:157][856]SphericalFPS: Warning: histogram : 0.185202 0.094293 0.013771 0.120668 0.022640 0.020189 0.027191 0.169098
[2020.12.22-11.11.48:157][856]SphericalFPS: Warning: idx 0 diffSum : 0.108332
[2020.12.22-11.11.48:157][856]SphericalFPS: Warning: idx 1 diffSum : 0.061041
[2020.12.22-11.11.48:157][856]SphericalFPS: Warning: idx 2 diffSum : 0.163582
[2020.12.22-11.11.48:157][856]SphericalFPS: Warning: idx 3 diffSum : 0.275303
[2020.12.22-11.11.48:157][856]SphericalFPS: Warning: idx : 1
[2020.12.22-11.11.48:231][864]SphericalFPS: Warning: DepthVal = 0
[2020.12.22-11.11.48:231][864]SphericalFPS: Warning: pitch = 0.100000
[2020.12.22-11.11.48:356][879]SphericalFPS: Warning: DepthVal = 0
[2020.12.22-11.11.48:356][879]SphericalFPS: Warning: pitch = 0.100000
[2020.12.22-11.11.48:357][879]SphericalFPS: Warning: histogram : 0.163277 0.105879 0.005015 0.200195 0.007941 0.012817 0.010449 0.065339
[2020.12.22-11.11.48:357][879]SphericalFPS: Warning: idx 0 diffSum : 0.061229
[2020.12.22-11.11.48:357][879]SphericalFPS: Warning: idx 1 diffSum : 0.130744
[2020.12.22-11.11.48:357][879]SphericalFPS: Warning: idx 2 diffSum : 0.217316
[2020.12.22-11.11.48:357][879]SphericalFPS: Warning: idx 3 diffSum : 0.431967
[2020.12.22-11.11.48:357][879]SphericalFPS: Warning: idx : 0
[2020.12.22-11.11.48:391][883]SphericalFPS: Warning: histogram : 0.122658 0.106899 0.043200 0.147344 0.038351 0.056425 0.045955 0.070972
[2020.12.22-11.11.48:391][883]SphericalFPS: Warning: idx 0 diffSum : 0.167593
[2020.12.22-11.11.48:391][883]SphericalFPS: Warning: idx 1 diffSum : 0.203630
[2020.12.22-11.11.48:391][883]SphericalFPS: Warning: idx 2 diffSum : 0.256900
[2020.12.22-11.11.48:391][883]SphericalFPS: Warning: idx 3 diffSum : 0.484422
[2020.12.22-11.11.48:391][883]SphericalFPS: Warning: idx : 0
[2020.12.22-11.11.48:500][896]SphericalFPS: Warning: DepthVal = 0
[2020.12.22-11.11.48:500][896]SphericalFPS: Warning: pitch = 0.100000
[2020.12.22-11.11.48:532][900]SphericalFPS: Warning: histogram : 0.124409 0.109009 0.044990 0.138599 0.034870 0.054889 0.050929 0.069519
[2020.12.22-11.11.48:532][900]SphericalFPS: Warning: idx 0 diffSum : 0.163433
[2020.12.22-11.11.48:532][900]SphericalFPS: Warning: idx 1 diffSum : 0.200099
[2020.12.22-11.11.48:532][900]SphericalFPS: Warning: idx 2 diffSum : 0.251679
[2020.12.22-11.11.48:533][900]SphericalFPS: Warning: idx 3 diffSum : 0.476834
[2020.12.22-11.11.48:533][900]SphericalFPS: Warning: idx : 0
[2020.12.22-11.11.48:657][915]SphericalFPS: Warning: histogram : 0.122547 0.107640 0.044941 0.133070 0.041543 0.053710 0.047791 0.075085
[2020.12.22-11.11.48:657][915]SphericalFPS: Warning: idx 0 diffSum : 0.168239
[2020.12.22-11.11.48:657][915]SphericalFPS: Warning: idx 1 diffSum : 0.203424
[2020.12.22-11.11.48:657][915]SphericalFPS: Warning: idx 2 diffSum : 0.248766
[2020.12.22-11.11.48:657][915]SphericalFPS: Warning: idx 3 diffSum : 0.479111
[2020.12.22-11.11.48:657][915]SphericalFPS: Warning: idx : 0
[2020.12.22-11.11.48:699][920]SphericalFPS: Warning: histogram : 0.134910 0.095813 0.017739 0.204658 0.012429 0.021359 0.029082 0.167612
[2020.12.22-11.11.48:699][920]SphericalFPS: Warning: idx 0 diffSum : 0.092388
[2020.12.22-11.11.48:699][920]SphericalFPS: Warning: idx 1 diffSum : 0.127257
[2020.12.22-11.11.48:699][920]SphericalFPS: Warning: idx 2 diffSum : 0.170253
[2020.12.22-11.11.48:699][920]SphericalFPS: Warning: idx 3 diffSum : 0.437649
[2020.12.22-11.11.48:699][920]SphericalFPS: Warning: idx : 0
[2020.12.22-11.11.48:799][932]SphericalFPS: Warning: histogram : 0.125810 0.088594 0.041388 0.155451 0.042595 0.054013 0.048414 0.073773
[2020.12.22-11.11.48:799][932]SphericalFPS: Warning: idx 0 diffSum : 0.170838
[2020.12.22-11.11.48:799][932]SphericalFPS: Warning: idx 1 diffSum : 0.201592
[2020.12.22-11.11.48:799][932]SphericalFPS: Warning: idx 2 diffSum : 0.249216
[2020.12.22-11.11.48:799][932]SphericalFPS: Warning: idx 3 diffSum : 0.480686
[2020.12.22-11.11.48:799][932]SphericalFPS: Warning: idx : 0
[2020.12.22-11.11.50:132][ 92]LogBlueprintUserMessages: Early EndPlayMap Detection: Level '/Game/Maps/Stage.Stage:PersistentLevel' has LevelScriptBlueprint '/Game/Maps/Stage.Stage:PersistentLevel.Stage' with GeneratedClass '/Game/Maps/Stage.Stage_C' with ClassGeneratedBy '/Game/Maps/Stage.Stage:PersistentLevel.Stage'
[2020.12.22-11.11.50:162][ 92]LogBlueprintUserMessages: Late EndPlayMap Detection: Level '/Game/Maps/Stage.Stage:PersistentLevel' has LevelScriptBlueprint '/Game/Maps/Stage.Stage:PersistentLevel.Stage' with GeneratedClass '/Game/Maps/Stage.Stage_C' with ClassGeneratedBy '/Game/Maps/Stage.Stage:PersistentLevel.Stage'
[2020.12.22-11.11.50:515][131]Cmd: SELECT NONE
[2020.12.22-11.15.18:345][187]LogSlate: FSceneViewport::OnFocusLost() reason 0
[2020.12.22-11.17.01:665][195]LogHotReload: New module detected: UE4Editor-SphericalFPS-3816.dll
[2020.12.22-11.17.03:170][273]LogHotReload: Starting Hot-Reload from IDE
[2020.12.22-11.17.03:188][273]LogSlate: Took 0.001472 seconds to synchronously load lazily loaded font '../../../Engine/Content/Slate/Fonts/Roboto-Light.ttf' (167K)
[2020.12.22-11.17.03:548][273]LogClass: PlayMode HotReload.
[2020.12.22-11.17.03:553][273]LogContentBrowser: Native class hierarchy updated for 'SphericalFPS' in 0.0010 seconds. Added 6 classes and 2 folders.
[2020.12.22-11.17.03:555][273]Display: HotReload successful (3 functions remapped  0 scriptstructs remapped)
[2020.12.22-11.17.03:692][273]LogContentBrowser: Native class hierarchy populated in 0.0091 seconds. Added 2461 classes and 565 folders.
[2020.12.22-11.17.03:712][273]Display: HotReload took  0.5s.
